2025-11-07T19:07:26: [19:07:26] [32minfo[39m: ============================================================ {
2025-11-07T19:07:26:   "service": "zmart-backend"
2025-11-07T19:07:26: }
2025-11-07T19:07:26: [19:07:26] [32minfo[39m: Starting Event Indexer Service {
2025-11-07T19:07:26:   "service": "zmart-backend"
2025-11-07T19:07:26: }
2025-11-07T19:07:26: [19:07:26] [32minfo[39m: ============================================================ {
2025-11-07T19:07:26:   "service": "zmart-backend"
2025-11-07T19:07:26: }
2025-11-07T19:07:26: [32minfo[39m: Initializing Event Indexer Service {"timestamp":"2025-11-07T18:07:26.104Z"}
2025-11-07T19:07:26: [19:07:26] [31merror[39m: Failed to start Event Indexer Service: Non-base58 character {
2025-11-07T19:07:26:   "service": "zmart-backend",
2025-11-07T19:07:26:   "stack": "Error: Non-base58 character\n    at Object.decode (/Users/seman/Desktop/zmartV0.69/node_modules/.pnpm/base-x@3.0.11/node_modules/base-x/src/index.js:115:11)\n    at new PublicKey (/Users/seman/Desktop/zmartV0.69/node_modules/.pnpm/@solana+web3.js@1.98.4_typescript@5.9.3/node_modules/@solana/web3.js/src/publickey.ts:63:30)\n    at new EventParser (/Users/seman/Desktop/zmartV0.69/backend/src/services/event-indexer/parsers/event-parser.ts:80:22)\n    at EventIndexerService.initialize (/Users/seman/Desktop/zmartV0.69/backend/src/services/event-indexer/index.ts:92:24)\n    at main (/Users/seman/Desktop/zmartV0.69/backend/src/services/event-indexer/standalone.ts:41:19)\n    at Object.<anonymous> (/Users/seman/Desktop/zmartV0.69/backend/src/services/event-indexer/standalone.ts:75:1)\n    at Module._compile (node:internal/modules/cjs/loader:1734:14)\n    at Object..js (node:internal/modules/cjs/loader:1899:10)\n    at Module.load (node:internal/modules/cjs/loader:1469:32)\n    at Function._load (node:internal/modules/cjs/loader:1286:12)"
2025-11-07T19:07:26: }
2025-11-07T19:07:26: [19:07:26] [32minfo[39m: ============================================================ {
2025-11-07T19:07:26:   "service": "zmart-backend"
2025-11-07T19:07:26: }
2025-11-07T19:07:26: [19:07:26] [32minfo[39m: Starting Event Indexer Service {
2025-11-07T19:07:26:   "service": "zmart-backend"
2025-11-07T19:07:26: }
2025-11-07T19:07:26: [19:07:26] [32minfo[39m: ============================================================ {
2025-11-07T19:07:26:   "service": "zmart-backend"
2025-11-07T19:07:26: }
2025-11-07T19:07:26: [32minfo[39m: Initializing Event Indexer Service {"timestamp":"2025-11-07T18:07:26.319Z"}
2025-11-07T19:07:26: [19:07:26] [31merror[39m: Failed to start Event Indexer Service: Non-base58 character {
2025-11-07T19:07:26:   "service": "zmart-backend",
2025-11-07T19:07:26:   "stack": "Error: Non-base58 character\n    at Object.decode (/Users/seman/Desktop/zmartV0.69/node_modules/.pnpm/base-x@3.0.11/node_modules/base-x/src/index.js:115:11)\n    at new PublicKey (/Users/seman/Desktop/zmartV0.69/node_modules/.pnpm/@solana+web3.js@1.98.4_typescript@5.9.3/node_modules/@solana/web3.js/src/publickey.ts:63:30)\n    at new EventParser (/Users/seman/Desktop/zmartV0.69/backend/src/services/event-indexer/parsers/event-parser.ts:80:22)\n    at EventIndexerService.initialize (/Users/seman/Desktop/zmartV0.69/backend/src/services/event-indexer/index.ts:92:24)\n    at main (/Users/seman/Desktop/zmartV0.69/backend/src/services/event-indexer/standalone.ts:41:19)\n    at Object.<anonymous> (/Users/seman/Desktop/zmartV0.69/backend/src/services/event-indexer/standalone.ts:75:1)\n    at Module._compile (node:internal/modules/cjs/loader:1734:14)\n    at Object..js (node:internal/modules/cjs/loader:1899:10)\n    at Module.load (node:internal/modules/cjs/loader:1469:32)\n    at Function._load (node:internal/modules/cjs/loader:1286:12)"
2025-11-07T19:07:26: }
2025-11-07T19:07:26: [19:07:26] [32minfo[39m: ============================================================ {
2025-11-07T19:07:26:   "service": "zmart-backend"
2025-11-07T19:07:26: }
2025-11-07T19:07:26: [19:07:26] [32minfo[39m: Starting Event Indexer Service {
2025-11-07T19:07:26:   "service": "zmart-backend"
2025-11-07T19:07:26: }
2025-11-07T19:07:26: [19:07:26] [32minfo[39m: ============================================================ {
2025-11-07T19:07:26:   "service": "zmart-backend"
2025-11-07T19:07:26: }
2025-11-07T19:07:26: [32minfo[39m: Initializing Event Indexer Service {"timestamp":"2025-11-07T18:07:26.526Z"}
2025-11-07T19:07:26: [19:07:26] [31merror[39m: Failed to start Event Indexer Service: Non-base58 character {
2025-11-07T19:07:26:   "service": "zmart-backend",
2025-11-07T19:07:26:   "stack": "Error: Non-base58 character\n    at Object.decode (/Users/seman/Desktop/zmartV0.69/node_modules/.pnpm/base-x@3.0.11/node_modules/base-x/src/index.js:115:11)\n    at new PublicKey (/Users/seman/Desktop/zmartV0.69/node_modules/.pnpm/@solana+web3.js@1.98.4_typescript@5.9.3/node_modules/@solana/web3.js/src/publickey.ts:63:30)\n    at new EventParser (/Users/seman/Desktop/zmartV0.69/backend/src/services/event-indexer/parsers/event-parser.ts:80:22)\n    at EventIndexerService.initialize (/Users/seman/Desktop/zmartV0.69/backend/src/services/event-indexer/index.ts:92:24)\n    at main (/Users/seman/Desktop/zmartV0.69/backend/src/services/event-indexer/standalone.ts:41:19)\n    at Object.<anonymous> (/Users/seman/Desktop/zmartV0.69/backend/src/services/event-indexer/standalone.ts:75:1)\n    at Module._compile (node:internal/modules/cjs/loader:1734:14)\n    at Object..js (node:internal/modules/cjs/loader:1899:10)\n    at Module.load (node:internal/modules/cjs/loader:1469:32)\n    at Function._load (node:internal/modules/cjs/loader:1286:12)"
2025-11-07T19:07:26: }
2025-11-07T19:07:26: [19:07:26] [32minfo[39m: ============================================================ {
2025-11-07T19:07:26:   "service": "zmart-backend"
2025-11-07T19:07:26: }
2025-11-07T19:07:26: [19:07:26] [32minfo[39m: Starting Event Indexer Service {
2025-11-07T19:07:26:   "service": "zmart-backend"
2025-11-07T19:07:26: }
2025-11-07T19:07:26: [19:07:26] [32minfo[39m: ============================================================ {
2025-11-07T19:07:26:   "service": "zmart-backend"
2025-11-07T19:07:26: }
2025-11-07T19:07:26: [32minfo[39m: Initializing Event Indexer Service {"timestamp":"2025-11-07T18:07:26.734Z"}
2025-11-07T19:07:26: [19:07:26] [31merror[39m: Failed to start Event Indexer Service: Non-base58 character {
2025-11-07T19:07:26:   "service": "zmart-backend",
2025-11-07T19:07:26:   "stack": "Error: Non-base58 character\n    at Object.decode (/Users/seman/Desktop/zmartV0.69/node_modules/.pnpm/base-x@3.0.11/node_modules/base-x/src/index.js:115:11)\n    at new PublicKey (/Users/seman/Desktop/zmartV0.69/node_modules/.pnpm/@solana+web3.js@1.98.4_typescript@5.9.3/node_modules/@solana/web3.js/src/publickey.ts:63:30)\n    at new EventParser (/Users/seman/Desktop/zmartV0.69/backend/src/services/event-indexer/parsers/event-parser.ts:80:22)\n    at EventIndexerService.initialize (/Users/seman/Desktop/zmartV0.69/backend/src/services/event-indexer/index.ts:92:24)\n    at main (/Users/seman/Desktop/zmartV0.69/backend/src/services/event-indexer/standalone.ts:41:19)\n    at Object.<anonymous> (/Users/seman/Desktop/zmartV0.69/backend/src/services/event-indexer/standalone.ts:75:1)\n    at Module._compile (node:internal/modules/cjs/loader:1734:14)\n    at Object..js (node:internal/modules/cjs/loader:1899:10)\n    at Module.load (node:internal/modules/cjs/loader:1469:32)\n    at Function._load (node:internal/modules/cjs/loader:1286:12)"
2025-11-07T19:07:26: }
2025-11-07T19:07:26: [19:07:26] [32minfo[39m: ============================================================ {
2025-11-07T19:07:26:   "service": "zmart-backend"
2025-11-07T19:07:26: }
2025-11-07T19:07:26: [19:07:26] [32minfo[39m: Starting Event Indexer Service {
2025-11-07T19:07:26:   "service": "zmart-backend"
2025-11-07T19:07:26: }
2025-11-07T19:07:26: [19:07:26] [32minfo[39m: ============================================================ {
2025-11-07T19:07:26:   "service": "zmart-backend"
2025-11-07T19:07:26: }
2025-11-07T19:07:26: [32minfo[39m: Initializing Event Indexer Service {"timestamp":"2025-11-07T18:07:26.941Z"}
2025-11-07T19:07:26: [19:07:26] [31merror[39m: Failed to start Event Indexer Service: Non-base58 character {
2025-11-07T19:07:26:   "service": "zmart-backend",
2025-11-07T19:07:26:   "stack": "Error: Non-base58 character\n    at Object.decode (/Users/seman/Desktop/zmartV0.69/node_modules/.pnpm/base-x@3.0.11/node_modules/base-x/src/index.js:115:11)\n    at new PublicKey (/Users/seman/Desktop/zmartV0.69/node_modules/.pnpm/@solana+web3.js@1.98.4_typescript@5.9.3/node_modules/@solana/web3.js/src/publickey.ts:63:30)\n    at new EventParser (/Users/seman/Desktop/zmartV0.69/backend/src/services/event-indexer/parsers/event-parser.ts:80:22)\n    at EventIndexerService.initialize (/Users/seman/Desktop/zmartV0.69/backend/src/services/event-indexer/index.ts:92:24)\n    at main (/Users/seman/Desktop/zmartV0.69/backend/src/services/event-indexer/standalone.ts:41:19)\n    at Object.<anonymous> (/Users/seman/Desktop/zmartV0.69/backend/src/services/event-indexer/standalone.ts:75:1)\n    at Module._compile (node:internal/modules/cjs/loader:1734:14)\n    at Object..js (node:internal/modules/cjs/loader:1899:10)\n    at Module.load (node:internal/modules/cjs/loader:1469:32)\n    at Function._load (node:internal/modules/cjs/loader:1286:12)"
2025-11-07T19:07:26: }
2025-11-07T19:07:27: [19:07:27] [32minfo[39m: ============================================================ {
2025-11-07T19:07:27:   "service": "zmart-backend"
2025-11-07T19:07:27: }
2025-11-07T19:07:27: [19:07:27] [32minfo[39m: Starting Event Indexer Service {
2025-11-07T19:07:27:   "service": "zmart-backend"
2025-11-07T19:07:27: }
2025-11-07T19:07:27: [19:07:27] [32minfo[39m: ============================================================ {
2025-11-07T19:07:27:   "service": "zmart-backend"
2025-11-07T19:07:27: }
2025-11-07T19:07:27: [32minfo[39m: Initializing Event Indexer Service {"timestamp":"2025-11-07T18:07:27.149Z"}
2025-11-07T19:07:27: [19:07:27] [31merror[39m: Failed to start Event Indexer Service: Non-base58 character {
2025-11-07T19:07:27:   "service": "zmart-backend",
2025-11-07T19:07:27:   "stack": "Error: Non-base58 character\n    at Object.decode (/Users/seman/Desktop/zmartV0.69/node_modules/.pnpm/base-x@3.0.11/node_modules/base-x/src/index.js:115:11)\n    at new PublicKey (/Users/seman/Desktop/zmartV0.69/node_modules/.pnpm/@solana+web3.js@1.98.4_typescript@5.9.3/node_modules/@solana/web3.js/src/publickey.ts:63:30)\n    at new EventParser (/Users/seman/Desktop/zmartV0.69/backend/src/services/event-indexer/parsers/event-parser.ts:80:22)\n    at EventIndexerService.initialize (/Users/seman/Desktop/zmartV0.69/backend/src/services/event-indexer/index.ts:92:24)\n    at main (/Users/seman/Desktop/zmartV0.69/backend/src/services/event-indexer/standalone.ts:41:19)\n    at Object.<anonymous> (/Users/seman/Desktop/zmartV0.69/backend/src/services/event-indexer/standalone.ts:75:1)\n    at Module._compile (node:internal/modules/cjs/loader:1734:14)\n    at Object..js (node:internal/modules/cjs/loader:1899:10)\n    at Module.load (node:internal/modules/cjs/loader:1469:32)\n    at Function._load (node:internal/modules/cjs/loader:1286:12)"
2025-11-07T19:07:27: }
2025-11-07T19:07:27: [19:07:27] [32minfo[39m: ============================================================ {
2025-11-07T19:07:27:   "service": "zmart-backend"
2025-11-07T19:07:27: }
2025-11-07T19:07:27: [19:07:27] [32minfo[39m: Starting Event Indexer Service {
2025-11-07T19:07:27:   "service": "zmart-backend"
2025-11-07T19:07:27: }
2025-11-07T19:07:27: [19:07:27] [32minfo[39m: ============================================================ {
2025-11-07T19:07:27:   "service": "zmart-backend"
2025-11-07T19:07:27: }
2025-11-07T19:07:27: [32minfo[39m: Initializing Event Indexer Service {"timestamp":"2025-11-07T18:07:27.359Z"}
2025-11-07T19:07:27: [19:07:27] [31merror[39m: Failed to start Event Indexer Service: Non-base58 character {
2025-11-07T19:07:27:   "service": "zmart-backend",
2025-11-07T19:07:27:   "stack": "Error: Non-base58 character\n    at Object.decode (/Users/seman/Desktop/zmartV0.69/node_modules/.pnpm/base-x@3.0.11/node_modules/base-x/src/index.js:115:11)\n    at new PublicKey (/Users/seman/Desktop/zmartV0.69/node_modules/.pnpm/@solana+web3.js@1.98.4_typescript@5.9.3/node_modules/@solana/web3.js/src/publickey.ts:63:30)\n    at new EventParser (/Users/seman/Desktop/zmartV0.69/backend/src/services/event-indexer/parsers/event-parser.ts:80:22)\n    at EventIndexerService.initialize (/Users/seman/Desktop/zmartV0.69/backend/src/services/event-indexer/index.ts:92:24)\n    at main (/Users/seman/Desktop/zmartV0.69/backend/src/services/event-indexer/standalone.ts:41:19)\n    at Object.<anonymous> (/Users/seman/Desktop/zmartV0.69/backend/src/services/event-indexer/standalone.ts:75:1)\n    at Module._compile (node:internal/modules/cjs/loader:1734:14)\n    at Object..js (node:internal/modules/cjs/loader:1899:10)\n    at Module.load (node:internal/modules/cjs/loader:1469:32)\n    at Function._load (node:internal/modules/cjs/loader:1286:12)"
2025-11-07T19:07:27: }
2025-11-07T19:07:27: [19:07:27] [32minfo[39m: ============================================================ {
2025-11-07T19:07:27:   "service": "zmart-backend"
2025-11-07T19:07:27: }
2025-11-07T19:07:27: [19:07:27] [32minfo[39m: Starting Event Indexer Service {
2025-11-07T19:07:27:   "service": "zmart-backend"
2025-11-07T19:07:27: }
2025-11-07T19:07:27: [19:07:27] [32minfo[39m: ============================================================ {
2025-11-07T19:07:27:   "service": "zmart-backend"
2025-11-07T19:07:27: }
2025-11-07T19:07:27: [32minfo[39m: Initializing Event Indexer Service {"timestamp":"2025-11-07T18:07:27.569Z"}
2025-11-07T19:07:27: [19:07:27] [31merror[39m: Failed to start Event Indexer Service: Non-base58 character {
2025-11-07T19:07:27:   "service": "zmart-backend",
2025-11-07T19:07:27:   "stack": "Error: Non-base58 character\n    at Object.decode (/Users/seman/Desktop/zmartV0.69/node_modules/.pnpm/base-x@3.0.11/node_modules/base-x/src/index.js:115:11)\n    at new PublicKey (/Users/seman/Desktop/zmartV0.69/node_modules/.pnpm/@solana+web3.js@1.98.4_typescript@5.9.3/node_modules/@solana/web3.js/src/publickey.ts:63:30)\n    at new EventParser (/Users/seman/Desktop/zmartV0.69/backend/src/services/event-indexer/parsers/event-parser.ts:80:22)\n    at EventIndexerService.initialize (/Users/seman/Desktop/zmartV0.69/backend/src/services/event-indexer/index.ts:92:24)\n    at main (/Users/seman/Desktop/zmartV0.69/backend/src/services/event-indexer/standalone.ts:41:19)\n    at Object.<anonymous> (/Users/seman/Desktop/zmartV0.69/backend/src/services/event-indexer/standalone.ts:75:1)\n    at Module._compile (node:internal/modules/cjs/loader:1734:14)\n    at Object..js (node:internal/modules/cjs/loader:1899:10)\n    at Module.load (node:internal/modules/cjs/loader:1469:32)\n    at Function._load (node:internal/modules/cjs/loader:1286:12)"
2025-11-07T19:07:27: }
2025-11-07T19:07:27: [19:07:27] [32minfo[39m: ============================================================ {
2025-11-07T19:07:27:   "service": "zmart-backend"
2025-11-07T19:07:27: }
2025-11-07T19:07:27: [19:07:27] [32minfo[39m: Starting Event Indexer Service {
2025-11-07T19:07:27:   "service": "zmart-backend"
2025-11-07T19:07:27: }
2025-11-07T19:07:27: [19:07:27] [32minfo[39m: ============================================================ {
2025-11-07T19:07:27:   "service": "zmart-backend"
2025-11-07T19:07:27: }
2025-11-07T19:07:27: [32minfo[39m: Initializing Event Indexer Service {"timestamp":"2025-11-07T18:07:27.778Z"}
2025-11-07T19:07:27: [19:07:27] [31merror[39m: Failed to start Event Indexer Service: Non-base58 character {
2025-11-07T19:07:27:   "service": "zmart-backend",
2025-11-07T19:07:27:   "stack": "Error: Non-base58 character\n    at Object.decode (/Users/seman/Desktop/zmartV0.69/node_modules/.pnpm/base-x@3.0.11/node_modules/base-x/src/index.js:115:11)\n    at new PublicKey (/Users/seman/Desktop/zmartV0.69/node_modules/.pnpm/@solana+web3.js@1.98.4_typescript@5.9.3/node_modules/@solana/web3.js/src/publickey.ts:63:30)\n    at new EventParser (/Users/seman/Desktop/zmartV0.69/backend/src/services/event-indexer/parsers/event-parser.ts:80:22)\n    at EventIndexerService.initialize (/Users/seman/Desktop/zmartV0.69/backend/src/services/event-indexer/index.ts:92:24)\n    at main (/Users/seman/Desktop/zmartV0.69/backend/src/services/event-indexer/standalone.ts:41:19)\n    at Object.<anonymous> (/Users/seman/Desktop/zmartV0.69/backend/src/services/event-indexer/standalone.ts:75:1)\n    at Module._compile (node:internal/modules/cjs/loader:1734:14)\n    at Object..js (node:internal/modules/cjs/loader:1899:10)\n    at Module.load (node:internal/modules/cjs/loader:1469:32)\n    at Function._load (node:internal/modules/cjs/loader:1286:12)"
2025-11-07T19:07:27: }
2025-11-07T19:07:27: [19:07:27] [32minfo[39m: ============================================================ {
2025-11-07T19:07:27:   "service": "zmart-backend"
2025-11-07T19:07:27: }
2025-11-07T19:07:27: [19:07:27] [32minfo[39m: Starting Event Indexer Service {
2025-11-07T19:07:27:   "service": "zmart-backend"
2025-11-07T19:07:27: }
2025-11-07T19:07:27: [19:07:27] [32minfo[39m: ============================================================ {
2025-11-07T19:07:27:   "service": "zmart-backend"
2025-11-07T19:07:27: }
2025-11-07T19:07:27: [32minfo[39m: Initializing Event Indexer Service {"timestamp":"2025-11-07T18:07:27.989Z"}
2025-11-07T19:07:28: [19:07:28] [31merror[39m: Failed to start Event Indexer Service: Non-base58 character {
2025-11-07T19:07:28:   "service": "zmart-backend",
2025-11-07T19:07:28:   "stack": "Error: Non-base58 character\n    at Object.decode (/Users/seman/Desktop/zmartV0.69/node_modules/.pnpm/base-x@3.0.11/node_modules/base-x/src/index.js:115:11)\n    at new PublicKey (/Users/seman/Desktop/zmartV0.69/node_modules/.pnpm/@solana+web3.js@1.98.4_typescript@5.9.3/node_modules/@solana/web3.js/src/publickey.ts:63:30)\n    at new EventParser (/Users/seman/Desktop/zmartV0.69/backend/src/services/event-indexer/parsers/event-parser.ts:80:22)\n    at EventIndexerService.initialize (/Users/seman/Desktop/zmartV0.69/backend/src/services/event-indexer/index.ts:92:24)\n    at main (/Users/seman/Desktop/zmartV0.69/backend/src/services/event-indexer/standalone.ts:41:19)\n    at Object.<anonymous> (/Users/seman/Desktop/zmartV0.69/backend/src/services/event-indexer/standalone.ts:75:1)\n    at Module._compile (node:internal/modules/cjs/loader:1734:14)\n    at Object..js (node:internal/modules/cjs/loader:1899:10)\n    at Module.load (node:internal/modules/cjs/loader:1469:32)\n    at Function._load (node:internal/modules/cjs/loader:1286:12)"
2025-11-07T19:07:28: }
2025-11-07T19:07:28: [19:07:28] [32minfo[39m: ============================================================ {
2025-11-07T19:07:28:   "service": "zmart-backend"
2025-11-07T19:07:28: }
2025-11-07T19:07:28: [19:07:28] [32minfo[39m: Starting Event Indexer Service {
2025-11-07T19:07:28:   "service": "zmart-backend"
2025-11-07T19:07:28: }
2025-11-07T19:07:28: [19:07:28] [32minfo[39m: ============================================================ {
2025-11-07T19:07:28:   "service": "zmart-backend"
2025-11-07T19:07:28: }
2025-11-07T19:07:28: [32minfo[39m: Initializing Event Indexer Service {"timestamp":"2025-11-07T18:07:28.199Z"}
2025-11-07T19:07:28: [19:07:28] [31merror[39m: Failed to start Event Indexer Service: Non-base58 character {
2025-11-07T19:07:28:   "service": "zmart-backend",
2025-11-07T19:07:28:   "stack": "Error: Non-base58 character\n    at Object.decode (/Users/seman/Desktop/zmartV0.69/node_modules/.pnpm/base-x@3.0.11/node_modules/base-x/src/index.js:115:11)\n    at new PublicKey (/Users/seman/Desktop/zmartV0.69/node_modules/.pnpm/@solana+web3.js@1.98.4_typescript@5.9.3/node_modules/@solana/web3.js/src/publickey.ts:63:30)\n    at new EventParser (/Users/seman/Desktop/zmartV0.69/backend/src/services/event-indexer/parsers/event-parser.ts:80:22)\n    at EventIndexerService.initialize (/Users/seman/Desktop/zmartV0.69/backend/src/services/event-indexer/index.ts:92:24)\n    at main (/Users/seman/Desktop/zmartV0.69/backend/src/services/event-indexer/standalone.ts:41:19)\n    at Object.<anonymous> (/Users/seman/Desktop/zmartV0.69/backend/src/services/event-indexer/standalone.ts:75:1)\n    at Module._compile (node:internal/modules/cjs/loader:1734:14)\n    at Object..js (node:internal/modules/cjs/loader:1899:10)\n    at Module.load (node:internal/modules/cjs/loader:1469:32)\n    at Function._load (node:internal/modules/cjs/loader:1286:12)"
2025-11-07T19:07:28: }
2025-11-07T19:07:28: [19:07:28] [32minfo[39m: ============================================================ {
2025-11-07T19:07:28:   "service": "zmart-backend"
2025-11-07T19:07:28: }
2025-11-07T19:07:28: [19:07:28] [32minfo[39m: Starting Event Indexer Service {
2025-11-07T19:07:28:   "service": "zmart-backend"
2025-11-07T19:07:28: }
2025-11-07T19:07:28: [19:07:28] [32minfo[39m: ============================================================ {
2025-11-07T19:07:28:   "service": "zmart-backend"
2025-11-07T19:07:28: }
2025-11-07T19:07:28: [32minfo[39m: Initializing Event Indexer Service {"timestamp":"2025-11-07T18:07:28.409Z"}
2025-11-07T19:07:28: [19:07:28] [31merror[39m: Failed to start Event Indexer Service: Non-base58 character {
2025-11-07T19:07:28:   "service": "zmart-backend",
2025-11-07T19:07:28:   "stack": "Error: Non-base58 character\n    at Object.decode (/Users/seman/Desktop/zmartV0.69/node_modules/.pnpm/base-x@3.0.11/node_modules/base-x/src/index.js:115:11)\n    at new PublicKey (/Users/seman/Desktop/zmartV0.69/node_modules/.pnpm/@solana+web3.js@1.98.4_typescript@5.9.3/node_modules/@solana/web3.js/src/publickey.ts:63:30)\n    at new EventParser (/Users/seman/Desktop/zmartV0.69/backend/src/services/event-indexer/parsers/event-parser.ts:80:22)\n    at EventIndexerService.initialize (/Users/seman/Desktop/zmartV0.69/backend/src/services/event-indexer/index.ts:92:24)\n    at main (/Users/seman/Desktop/zmartV0.69/backend/src/services/event-indexer/standalone.ts:41:19)\n    at Object.<anonymous> (/Users/seman/Desktop/zmartV0.69/backend/src/services/event-indexer/standalone.ts:75:1)\n    at Module._compile (node:internal/modules/cjs/loader:1734:14)\n    at Object..js (node:internal/modules/cjs/loader:1899:10)\n    at Module.load (node:internal/modules/cjs/loader:1469:32)\n    at Function._load (node:internal/modules/cjs/loader:1286:12)"
2025-11-07T19:07:28: }
2025-11-07T19:07:28: [19:07:28] [32minfo[39m: ============================================================ {
2025-11-07T19:07:28:   "service": "zmart-backend"
2025-11-07T19:07:28: }
2025-11-07T19:07:28: [19:07:28] [32minfo[39m: Starting Event Indexer Service {
2025-11-07T19:07:28:   "service": "zmart-backend"
2025-11-07T19:07:28: }
2025-11-07T19:07:28: [19:07:28] [32minfo[39m: ============================================================ {
2025-11-07T19:07:28:   "service": "zmart-backend"
2025-11-07T19:07:28: }
2025-11-07T19:07:28: [32minfo[39m: Initializing Event Indexer Service {"timestamp":"2025-11-07T18:07:28.618Z"}
2025-11-07T19:07:28: [19:07:28] [31merror[39m: Failed to start Event Indexer Service: Non-base58 character {
2025-11-07T19:07:28:   "service": "zmart-backend",
2025-11-07T19:07:28:   "stack": "Error: Non-base58 character\n    at Object.decode (/Users/seman/Desktop/zmartV0.69/node_modules/.pnpm/base-x@3.0.11/node_modules/base-x/src/index.js:115:11)\n    at new PublicKey (/Users/seman/Desktop/zmartV0.69/node_modules/.pnpm/@solana+web3.js@1.98.4_typescript@5.9.3/node_modules/@solana/web3.js/src/publickey.ts:63:30)\n    at new EventParser (/Users/seman/Desktop/zmartV0.69/backend/src/services/event-indexer/parsers/event-parser.ts:80:22)\n    at EventIndexerService.initialize (/Users/seman/Desktop/zmartV0.69/backend/src/services/event-indexer/index.ts:92:24)\n    at main (/Users/seman/Desktop/zmartV0.69/backend/src/services/event-indexer/standalone.ts:41:19)\n    at Object.<anonymous> (/Users/seman/Desktop/zmartV0.69/backend/src/services/event-indexer/standalone.ts:75:1)\n    at Module._compile (node:internal/modules/cjs/loader:1734:14)\n    at Object..js (node:internal/modules/cjs/loader:1899:10)\n    at Module.load (node:internal/modules/cjs/loader:1469:32)\n    at Function._load (node:internal/modules/cjs/loader:1286:12)"
2025-11-07T19:07:28: }
2025-11-07T19:07:28: [19:07:28] [32minfo[39m: ============================================================ {
2025-11-07T19:07:28:   "service": "zmart-backend"
2025-11-07T19:07:28: }
2025-11-07T19:07:28: [19:07:28] [32minfo[39m: Starting Event Indexer Service {
2025-11-07T19:07:28:   "service": "zmart-backend"
2025-11-07T19:07:28: }
2025-11-07T19:07:28: [19:07:28] [32minfo[39m: ============================================================ {
2025-11-07T19:07:28:   "service": "zmart-backend"
2025-11-07T19:07:28: }
2025-11-07T19:07:28: [32minfo[39m: Initializing Event Indexer Service {"timestamp":"2025-11-07T18:07:28.825Z"}
2025-11-07T19:07:28: [19:07:28] [31merror[39m: Failed to start Event Indexer Service: Non-base58 character {
2025-11-07T19:07:28:   "service": "zmart-backend",
2025-11-07T19:07:28:   "stack": "Error: Non-base58 character\n    at Object.decode (/Users/seman/Desktop/zmartV0.69/node_modules/.pnpm/base-x@3.0.11/node_modules/base-x/src/index.js:115:11)\n    at new PublicKey (/Users/seman/Desktop/zmartV0.69/node_modules/.pnpm/@solana+web3.js@1.98.4_typescript@5.9.3/node_modules/@solana/web3.js/src/publickey.ts:63:30)\n    at new EventParser (/Users/seman/Desktop/zmartV0.69/backend/src/services/event-indexer/parsers/event-parser.ts:80:22)\n    at EventIndexerService.initialize (/Users/seman/Desktop/zmartV0.69/backend/src/services/event-indexer/index.ts:92:24)\n    at main (/Users/seman/Desktop/zmartV0.69/backend/src/services/event-indexer/standalone.ts:41:19)\n    at Object.<anonymous> (/Users/seman/Desktop/zmartV0.69/backend/src/services/event-indexer/standalone.ts:75:1)\n    at Module._compile (node:internal/modules/cjs/loader:1734:14)\n    at Object..js (node:internal/modules/cjs/loader:1899:10)\n    at Module.load (node:internal/modules/cjs/loader:1469:32)\n    at Function._load (node:internal/modules/cjs/loader:1286:12)"
2025-11-07T19:07:28: }
2025-11-07T19:07:29: [19:07:29] [32minfo[39m: ============================================================ {
2025-11-07T19:07:29:   "service": "zmart-backend"
2025-11-07T19:07:29: }
2025-11-07T19:07:29: [19:07:29] [32minfo[39m: Starting Event Indexer Service {
2025-11-07T19:07:29:   "service": "zmart-backend"
2025-11-07T19:07:29: }
2025-11-07T19:07:29: [19:07:29] [32minfo[39m: ============================================================ {
2025-11-07T19:07:29:   "service": "zmart-backend"
2025-11-07T19:07:29: }
2025-11-07T19:07:29: [32minfo[39m: Initializing Event Indexer Service {"timestamp":"2025-11-07T18:07:29.045Z"}
2025-11-07T19:07:29: [19:07:29] [31merror[39m: Failed to start Event Indexer Service: Non-base58 character {
2025-11-07T19:07:29:   "service": "zmart-backend",
2025-11-07T19:07:29:   "stack": "Error: Non-base58 character\n    at Object.decode (/Users/seman/Desktop/zmartV0.69/node_modules/.pnpm/base-x@3.0.11/node_modules/base-x/src/index.js:115:11)\n    at new PublicKey (/Users/seman/Desktop/zmartV0.69/node_modules/.pnpm/@solana+web3.js@1.98.4_typescript@5.9.3/node_modules/@solana/web3.js/src/publickey.ts:63:30)\n    at new EventParser (/Users/seman/Desktop/zmartV0.69/backend/src/services/event-indexer/parsers/event-parser.ts:80:22)\n    at EventIndexerService.initialize (/Users/seman/Desktop/zmartV0.69/backend/src/services/event-indexer/index.ts:92:24)\n    at main (/Users/seman/Desktop/zmartV0.69/backend/src/services/event-indexer/standalone.ts:41:19)\n    at Object.<anonymous> (/Users/seman/Desktop/zmartV0.69/backend/src/services/event-indexer/standalone.ts:75:1)\n    at Module._compile (node:internal/modules/cjs/loader:1734:14)\n    at Object..js (node:internal/modules/cjs/loader:1899:10)\n    at Module.load (node:internal/modules/cjs/loader:1469:32)\n    at Function._load (node:internal/modules/cjs/loader:1286:12)"
2025-11-07T19:07:29: }
2025-11-07T19:07:29: [19:07:29] [32minfo[39m: ============================================================ {
2025-11-07T19:07:29:   "service": "zmart-backend"
2025-11-07T19:07:29: }
2025-11-07T19:07:29: [19:07:29] [32minfo[39m: Starting Event Indexer Service {
2025-11-07T19:07:29:   "service": "zmart-backend"
2025-11-07T19:07:29: }
2025-11-07T19:07:29: [19:07:29] [32minfo[39m: ============================================================ {
2025-11-07T19:07:29:   "service": "zmart-backend"
2025-11-07T19:07:29: }
2025-11-07T19:07:29: [32minfo[39m: Initializing Event Indexer Service {"timestamp":"2025-11-07T18:07:29.259Z"}
2025-11-07T19:07:29: [19:07:29] [31merror[39m: Failed to start Event Indexer Service: Non-base58 character {
2025-11-07T19:07:29:   "service": "zmart-backend",
2025-11-07T19:07:29:   "stack": "Error: Non-base58 character\n    at Object.decode (/Users/seman/Desktop/zmartV0.69/node_modules/.pnpm/base-x@3.0.11/node_modules/base-x/src/index.js:115:11)\n    at new PublicKey (/Users/seman/Desktop/zmartV0.69/node_modules/.pnpm/@solana+web3.js@1.98.4_typescript@5.9.3/node_modules/@solana/web3.js/src/publickey.ts:63:30)\n    at new EventParser (/Users/seman/Desktop/zmartV0.69/backend/src/services/event-indexer/parsers/event-parser.ts:80:22)\n    at EventIndexerService.initialize (/Users/seman/Desktop/zmartV0.69/backend/src/services/event-indexer/index.ts:92:24)\n    at main (/Users/seman/Desktop/zmartV0.69/backend/src/services/event-indexer/standalone.ts:41:19)\n    at Object.<anonymous> (/Users/seman/Desktop/zmartV0.69/backend/src/services/event-indexer/standalone.ts:75:1)\n    at Module._compile (node:internal/modules/cjs/loader:1734:14)\n    at Object..js (node:internal/modules/cjs/loader:1899:10)\n    at Module.load (node:internal/modules/cjs/loader:1469:32)\n    at Function._load (node:internal/modules/cjs/loader:1286:12)"
2025-11-07T19:07:29: }
