2025-11-07T19:07:26: [19:07:26] [32minfo[39m: ============================================================ {
2025-11-07T19:07:26:   "service": "zmart-backend"
2025-11-07T19:07:26: }
2025-11-07T19:07:26: [19:07:26] [32minfo[39m: Starting Event Indexer Service {
2025-11-07T19:07:26:   "service": "zmart-backend"
2025-11-07T19:07:26: }
2025-11-07T19:07:26: [19:07:26] [32minfo[39m: ============================================================ {
2025-11-07T19:07:26:   "service": "zmart-backend"
2025-11-07T19:07:26: }
2025-11-07T19:07:26: [32minfo[39m: Initializing Event Indexer Service {"timestamp":"2025-11-07T18:07:26.104Z"}
2025-11-07T19:07:26: [19:07:26] [32minfo[39m: ============================================================ {
2025-11-07T19:07:26:   "service": "zmart-backend"
2025-11-07T19:07:26: }
2025-11-07T19:07:26: [19:07:26] [32minfo[39m: Starting Event Indexer Service {
2025-11-07T19:07:26:   "service": "zmart-backend"
2025-11-07T19:07:26: }
2025-11-07T19:07:26: [19:07:26] [32minfo[39m: ============================================================ {
2025-11-07T19:07:26:   "service": "zmart-backend"
2025-11-07T19:07:26: }
2025-11-07T19:07:26: [32minfo[39m: Initializing Event Indexer Service {"timestamp":"2025-11-07T18:07:26.319Z"}
2025-11-07T19:07:26: [19:07:26] [32minfo[39m: ============================================================ {
2025-11-07T19:07:26:   "service": "zmart-backend"
2025-11-07T19:07:26: }
2025-11-07T19:07:26: [19:07:26] [32minfo[39m: Starting Event Indexer Service {
2025-11-07T19:07:26:   "service": "zmart-backend"
2025-11-07T19:07:26: }
2025-11-07T19:07:26: [19:07:26] [32minfo[39m: ============================================================ {
2025-11-07T19:07:26:   "service": "zmart-backend"
2025-11-07T19:07:26: }
2025-11-07T19:07:26: [32minfo[39m: Initializing Event Indexer Service {"timestamp":"2025-11-07T18:07:26.526Z"}
2025-11-07T19:07:26: [19:07:26] [32minfo[39m: ============================================================ {
2025-11-07T19:07:26:   "service": "zmart-backend"
2025-11-07T19:07:26: }
2025-11-07T19:07:26: [19:07:26] [32minfo[39m: Starting Event Indexer Service {
2025-11-07T19:07:26:   "service": "zmart-backend"
2025-11-07T19:07:26: }
2025-11-07T19:07:26: [19:07:26] [32minfo[39m: ============================================================ {
2025-11-07T19:07:26:   "service": "zmart-backend"
2025-11-07T19:07:26: }
2025-11-07T19:07:26: [32minfo[39m: Initializing Event Indexer Service {"timestamp":"2025-11-07T18:07:26.734Z"}
2025-11-07T19:07:26: [19:07:26] [32minfo[39m: ============================================================ {
2025-11-07T19:07:26:   "service": "zmart-backend"
2025-11-07T19:07:26: }
2025-11-07T19:07:26: [19:07:26] [32minfo[39m: Starting Event Indexer Service {
2025-11-07T19:07:26:   "service": "zmart-backend"
2025-11-07T19:07:26: }
2025-11-07T19:07:26: [19:07:26] [32minfo[39m: ============================================================ {
2025-11-07T19:07:26:   "service": "zmart-backend"
2025-11-07T19:07:26: }
2025-11-07T19:07:26: [32minfo[39m: Initializing Event Indexer Service {"timestamp":"2025-11-07T18:07:26.941Z"}
2025-11-07T19:07:27: [19:07:27] [32minfo[39m: ============================================================ {
2025-11-07T19:07:27:   "service": "zmart-backend"
2025-11-07T19:07:27: }
2025-11-07T19:07:27: [19:07:27] [32minfo[39m: Starting Event Indexer Service {
2025-11-07T19:07:27:   "service": "zmart-backend"
2025-11-07T19:07:27: }
2025-11-07T19:07:27: [19:07:27] [32minfo[39m: ============================================================ {
2025-11-07T19:07:27:   "service": "zmart-backend"
2025-11-07T19:07:27: }
2025-11-07T19:07:27: [32minfo[39m: Initializing Event Indexer Service {"timestamp":"2025-11-07T18:07:27.149Z"}
2025-11-07T19:07:27: [19:07:27] [32minfo[39m: ============================================================ {
2025-11-07T19:07:27:   "service": "zmart-backend"
2025-11-07T19:07:27: }
2025-11-07T19:07:27: [19:07:27] [32minfo[39m: Starting Event Indexer Service {
2025-11-07T19:07:27:   "service": "zmart-backend"
2025-11-07T19:07:27: }
2025-11-07T19:07:27: [19:07:27] [32minfo[39m: ============================================================ {
2025-11-07T19:07:27:   "service": "zmart-backend"
2025-11-07T19:07:27: }
2025-11-07T19:07:27: [32minfo[39m: Initializing Event Indexer Service {"timestamp":"2025-11-07T18:07:27.359Z"}
2025-11-07T19:07:27: [19:07:27] [32minfo[39m: ============================================================ {
2025-11-07T19:07:27:   "service": "zmart-backend"
2025-11-07T19:07:27: }
2025-11-07T19:07:27: [19:07:27] [32minfo[39m: Starting Event Indexer Service {
2025-11-07T19:07:27:   "service": "zmart-backend"
2025-11-07T19:07:27: }
2025-11-07T19:07:27: [19:07:27] [32minfo[39m: ============================================================ {
2025-11-07T19:07:27:   "service": "zmart-backend"
2025-11-07T19:07:27: }
2025-11-07T19:07:27: [32minfo[39m: Initializing Event Indexer Service {"timestamp":"2025-11-07T18:07:27.569Z"}
2025-11-07T19:07:27: [19:07:27] [32minfo[39m: ============================================================ {
2025-11-07T19:07:27:   "service": "zmart-backend"
2025-11-07T19:07:27: }
2025-11-07T19:07:27: [19:07:27] [32minfo[39m: Starting Event Indexer Service {
2025-11-07T19:07:27:   "service": "zmart-backend"
2025-11-07T19:07:27: }
2025-11-07T19:07:27: [19:07:27] [32minfo[39m: ============================================================ {
2025-11-07T19:07:27:   "service": "zmart-backend"
2025-11-07T19:07:27: }
2025-11-07T19:07:27: [32minfo[39m: Initializing Event Indexer Service {"timestamp":"2025-11-07T18:07:27.778Z"}
2025-11-07T19:07:27: [19:07:27] [32minfo[39m: ============================================================ {
2025-11-07T19:07:27:   "service": "zmart-backend"
2025-11-07T19:07:27: }
2025-11-07T19:07:27: [19:07:27] [32minfo[39m: Starting Event Indexer Service {
2025-11-07T19:07:27:   "service": "zmart-backend"
2025-11-07T19:07:27: }
2025-11-07T19:07:27: [19:07:27] [32minfo[39m: ============================================================ {
2025-11-07T19:07:27:   "service": "zmart-backend"
2025-11-07T19:07:27: }
2025-11-07T19:07:27: [32minfo[39m: Initializing Event Indexer Service {"timestamp":"2025-11-07T18:07:27.989Z"}
2025-11-07T19:07:28: [19:07:28] [32minfo[39m: ============================================================ {
2025-11-07T19:07:28:   "service": "zmart-backend"
2025-11-07T19:07:28: }
2025-11-07T19:07:28: [19:07:28] [32minfo[39m: Starting Event Indexer Service {
2025-11-07T19:07:28:   "service": "zmart-backend"
2025-11-07T19:07:28: }
2025-11-07T19:07:28: [19:07:28] [32minfo[39m: ============================================================ {
2025-11-07T19:07:28:   "service": "zmart-backend"
2025-11-07T19:07:28: }
2025-11-07T19:07:28: [32minfo[39m: Initializing Event Indexer Service {"timestamp":"2025-11-07T18:07:28.199Z"}
2025-11-07T19:07:28: [19:07:28] [32minfo[39m: ============================================================ {
2025-11-07T19:07:28:   "service": "zmart-backend"
2025-11-07T19:07:28: }
2025-11-07T19:07:28: [19:07:28] [32minfo[39m: Starting Event Indexer Service {
2025-11-07T19:07:28:   "service": "zmart-backend"
2025-11-07T19:07:28: }
2025-11-07T19:07:28: [19:07:28] [32minfo[39m: ============================================================ {
2025-11-07T19:07:28:   "service": "zmart-backend"
2025-11-07T19:07:28: }
2025-11-07T19:07:28: [32minfo[39m: Initializing Event Indexer Service {"timestamp":"2025-11-07T18:07:28.409Z"}
2025-11-07T19:07:28: [19:07:28] [32minfo[39m: ============================================================ {
2025-11-07T19:07:28:   "service": "zmart-backend"
2025-11-07T19:07:28: }
2025-11-07T19:07:28: [19:07:28] [32minfo[39m: Starting Event Indexer Service {
2025-11-07T19:07:28:   "service": "zmart-backend"
2025-11-07T19:07:28: }
2025-11-07T19:07:28: [19:07:28] [32minfo[39m: ============================================================ {
2025-11-07T19:07:28:   "service": "zmart-backend"
2025-11-07T19:07:28: }
2025-11-07T19:07:28: [32minfo[39m: Initializing Event Indexer Service {"timestamp":"2025-11-07T18:07:28.618Z"}
2025-11-07T19:07:28: [19:07:28] [32minfo[39m: ============================================================ {
2025-11-07T19:07:28:   "service": "zmart-backend"
2025-11-07T19:07:28: }
2025-11-07T19:07:28: [19:07:28] [32minfo[39m: Starting Event Indexer Service {
2025-11-07T19:07:28:   "service": "zmart-backend"
2025-11-07T19:07:28: }
2025-11-07T19:07:28: [19:07:28] [32minfo[39m: ============================================================ {
2025-11-07T19:07:28:   "service": "zmart-backend"
2025-11-07T19:07:28: }
2025-11-07T19:07:28: [32minfo[39m: Initializing Event Indexer Service {"timestamp":"2025-11-07T18:07:28.825Z"}
2025-11-07T19:07:29: [19:07:29] [32minfo[39m: ============================================================ {
2025-11-07T19:07:29:   "service": "zmart-backend"
2025-11-07T19:07:29: }
2025-11-07T19:07:29: [19:07:29] [32minfo[39m: Starting Event Indexer Service {
2025-11-07T19:07:29:   "service": "zmart-backend"
2025-11-07T19:07:29: }
2025-11-07T19:07:29: [19:07:29] [32minfo[39m: ============================================================ {
2025-11-07T19:07:29:   "service": "zmart-backend"
2025-11-07T19:07:29: }
2025-11-07T19:07:29: [32minfo[39m: Initializing Event Indexer Service {"timestamp":"2025-11-07T18:07:29.045Z"}
2025-11-07T19:07:29: [19:07:29] [32minfo[39m: ============================================================ {
2025-11-07T19:07:29:   "service": "zmart-backend"
2025-11-07T19:07:29: }
2025-11-07T19:07:29: [19:07:29] [32minfo[39m: Starting Event Indexer Service {
2025-11-07T19:07:29:   "service": "zmart-backend"
2025-11-07T19:07:29: }
2025-11-07T19:07:29: [19:07:29] [32minfo[39m: ============================================================ {
2025-11-07T19:07:29:   "service": "zmart-backend"
2025-11-07T19:07:29: }
2025-11-07T19:07:29: [32minfo[39m: Initializing Event Indexer Service {"timestamp":"2025-11-07T18:07:29.259Z"}
