Error: Cannot find module '../../../target/idl/zmart_core.json'
Require stack:
- /Users/seman/Desktop/zmartV0.69/backend/dist/services/market-monitor/index.js
    at Function._resolveFilename (node:internal/modules/cjs/loader:1405:15)
    at Module.Hook._require.Module.require (/opt/homebrew/lib/node_modules/pm2/node_modules/require-in-the-middle/index.js:81:25)
    at require (node:internal/modules/helpers:135:16)
    at Object.<anonymous> (/Users/seman/Desktop/zmartV0.69/backend/src/services/market-monitor/index.ts:22:1)
    at Module._compile (node:internal/modules/cjs/loader:1734:14)
    at Object..js (node:internal/modules/cjs/loader:1899:10)
    at Module.load (node:internal/modules/cjs/loader:1469:32)
    at Function._load (node:internal/modules/cjs/loader:1286:12)
    at /opt/homebrew/lib/node_modules/pm2/lib/ProcessContainer.js:292:27
    at wrapper (/opt/homebrew/lib/node_modules/pm2/node_modules/async/internal/once.js:12:16)
Error: Cannot find module '../../../target/idl/zmart_core.json'
Require stack:
- /Users/seman/Desktop/zmartV0.69/backend/dist/services/market-monitor/index.js
    at Function._resolveFilename (node:internal/modules/cjs/loader:1405:15)
    at Module.Hook._require.Module.require (/opt/homebrew/lib/node_modules/pm2/node_modules/require-in-the-middle/index.js:81:25)
    at require (node:internal/modules/helpers:135:16)
    at Object.<anonymous> (/Users/seman/Desktop/zmartV0.69/backend/src/services/market-monitor/index.ts:22:1)
    at Module._compile (node:internal/modules/cjs/loader:1734:14)
    at Object..js (node:internal/modules/cjs/loader:1899:10)
    at Module.load (node:internal/modules/cjs/loader:1469:32)
    at Function._load (node:internal/modules/cjs/loader:1286:12)
    at /opt/homebrew/lib/node_modules/pm2/lib/ProcessContainer.js:292:27
    at wrapper (/opt/homebrew/lib/node_modules/pm2/node_modules/async/internal/once.js:12:16)
Error: Cannot find module '../../../target/idl/zmart_core.json'
Require stack:
- /Users/seman/Desktop/zmartV0.69/backend/dist/services/market-monitor/index.js
    at Function._resolveFilename (node:internal/modules/cjs/loader:1405:15)
    at Module.Hook._require.Module.require (/opt/homebrew/lib/node_modules/pm2/node_modules/require-in-the-middle/index.js:81:25)
    at require (node:internal/modules/helpers:135:16)
    at Object.<anonymous> (/Users/seman/Desktop/zmartV0.69/backend/src/services/market-monitor/index.ts:22:1)
    at Module._compile (node:internal/modules/cjs/loader:1734:14)
    at Object..js (node:internal/modules/cjs/loader:1899:10)
    at Module.load (node:internal/modules/cjs/loader:1469:32)
    at Function._load (node:internal/modules/cjs/loader:1286:12)
    at /opt/homebrew/lib/node_modules/pm2/lib/ProcessContainer.js:292:27
    at wrapper (/opt/homebrew/lib/node_modules/pm2/node_modules/async/internal/once.js:12:16)
Error: Cannot find module '../../../target/idl/zmart_core.json'
Require stack:
- /Users/seman/Desktop/zmartV0.69/backend/dist/services/market-monitor/index.js
    at Function._resolveFilename (node:internal/modules/cjs/loader:1405:15)
    at Module.Hook._require.Module.require (/opt/homebrew/lib/node_modules/pm2/node_modules/require-in-the-middle/index.js:81:25)
    at require (node:internal/modules/helpers:135:16)
    at Object.<anonymous> (/Users/seman/Desktop/zmartV0.69/backend/src/services/market-monitor/index.ts:22:1)
    at Module._compile (node:internal/modules/cjs/loader:1734:14)
    at Object..js (node:internal/modules/cjs/loader:1899:10)
    at Module.load (node:internal/modules/cjs/loader:1469:32)
    at Function._load (node:internal/modules/cjs/loader:1286:12)
    at /opt/homebrew/lib/node_modules/pm2/lib/ProcessContainer.js:292:27
    at wrapper (/opt/homebrew/lib/node_modules/pm2/node_modules/async/internal/once.js:12:16)
Error: Cannot find module '../../../target/idl/zmart_core.json'
Require stack:
- /Users/seman/Desktop/zmartV0.69/backend/dist/services/market-monitor/index.js
    at Function._resolveFilename (node:internal/modules/cjs/loader:1405:15)
    at Module.Hook._require.Module.require (/opt/homebrew/lib/node_modules/pm2/node_modules/require-in-the-middle/index.js:81:25)
    at require (node:internal/modules/helpers:135:16)
    at Object.<anonymous> (/Users/seman/Desktop/zmartV0.69/backend/src/services/market-monitor/index.ts:22:1)
    at Module._compile (node:internal/modules/cjs/loader:1734:14)
    at Object..js (node:internal/modules/cjs/loader:1899:10)
    at Module.load (node:internal/modules/cjs/loader:1469:32)
    at Function._load (node:internal/modules/cjs/loader:1286:12)
    at /opt/homebrew/lib/node_modules/pm2/lib/ProcessContainer.js:292:27
    at wrapper (/opt/homebrew/lib/node_modules/pm2/node_modules/async/internal/once.js:12:16)
Error: Cannot find module '../../../target/idl/zmart_core.json'
Require stack:
- /Users/seman/Desktop/zmartV0.69/backend/dist/services/market-monitor/index.js
    at Function._resolveFilename (node:internal/modules/cjs/loader:1405:15)
    at Module.Hook._require.Module.require (/opt/homebrew/lib/node_modules/pm2/node_modules/require-in-the-middle/index.js:81:25)
    at require (node:internal/modules/helpers:135:16)
    at Object.<anonymous> (/Users/seman/Desktop/zmartV0.69/backend/src/services/market-monitor/index.ts:22:1)
    at Module._compile (node:internal/modules/cjs/loader:1734:14)
    at Object..js (node:internal/modules/cjs/loader:1899:10)
    at Module.load (node:internal/modules/cjs/loader:1469:32)
    at Function._load (node:internal/modules/cjs/loader:1286:12)
    at /opt/homebrew/lib/node_modules/pm2/lib/ProcessContainer.js:292:27
    at wrapper (/opt/homebrew/lib/node_modules/pm2/node_modules/async/internal/once.js:12:16)
Error: Cannot find module '../../../target/idl/zmart_core.json'
Require stack:
- /Users/seman/Desktop/zmartV0.69/backend/dist/services/market-monitor/index.js
    at Function._resolveFilename (node:internal/modules/cjs/loader:1405:15)
    at Module.Hook._require.Module.require (/opt/homebrew/lib/node_modules/pm2/node_modules/require-in-the-middle/index.js:81:25)
    at require (node:internal/modules/helpers:135:16)
    at Object.<anonymous> (/Users/seman/Desktop/zmartV0.69/backend/src/services/market-monitor/index.ts:22:1)
    at Module._compile (node:internal/modules/cjs/loader:1734:14)
    at Object..js (node:internal/modules/cjs/loader:1899:10)
    at Module.load (node:internal/modules/cjs/loader:1469:32)
    at Function._load (node:internal/modules/cjs/loader:1286:12)
    at /opt/homebrew/lib/node_modules/pm2/lib/ProcessContainer.js:292:27
    at wrapper (/opt/homebrew/lib/node_modules/pm2/node_modules/async/internal/once.js:12:16)
Error: Cannot find module '../../../target/idl/zmart_core.json'
Require stack:
- /Users/seman/Desktop/zmartV0.69/backend/dist/services/market-monitor/index.js
    at Function._resolveFilename (node:internal/modules/cjs/loader:1405:15)
    at Module.Hook._require.Module.require (/opt/homebrew/lib/node_modules/pm2/node_modules/require-in-the-middle/index.js:81:25)
    at require (node:internal/modules/helpers:135:16)
    at Object.<anonymous> (/Users/seman/Desktop/zmartV0.69/backend/src/services/market-monitor/index.ts:22:1)
    at Module._compile (node:internal/modules/cjs/loader:1734:14)
    at Object..js (node:internal/modules/cjs/loader:1899:10)
    at Module.load (node:internal/modules/cjs/loader:1469:32)
    at Function._load (node:internal/modules/cjs/loader:1286:12)
    at /opt/homebrew/lib/node_modules/pm2/lib/ProcessContainer.js:292:27
    at wrapper (/opt/homebrew/lib/node_modules/pm2/node_modules/async/internal/once.js:12:16)
Error: Cannot find module '../../../target/idl/zmart_core.json'
Require stack:
- /Users/seman/Desktop/zmartV0.69/backend/dist/services/market-monitor/index.js
    at Function._resolveFilename (node:internal/modules/cjs/loader:1405:15)
    at Module.Hook._require.Module.require (/opt/homebrew/lib/node_modules/pm2/node_modules/require-in-the-middle/index.js:81:25)
    at require (node:internal/modules/helpers:135:16)
    at Object.<anonymous> (/Users/seman/Desktop/zmartV0.69/backend/src/services/market-monitor/index.ts:22:1)
    at Module._compile (node:internal/modules/cjs/loader:1734:14)
    at Object..js (node:internal/modules/cjs/loader:1899:10)
    at Module.load (node:internal/modules/cjs/loader:1469:32)
    at Function._load (node:internal/modules/cjs/loader:1286:12)
    at /opt/homebrew/lib/node_modules/pm2/lib/ProcessContainer.js:292:27
    at wrapper (/opt/homebrew/lib/node_modules/pm2/node_modules/async/internal/once.js:12:16)
Error: Cannot find module '../../../target/idl/zmart_core.json'
Require stack:
- /Users/seman/Desktop/zmartV0.69/backend/dist/services/market-monitor/index.js
    at Function._resolveFilename (node:internal/modules/cjs/loader:1405:15)
    at Module.Hook._require.Module.require (/opt/homebrew/lib/node_modules/pm2/node_modules/require-in-the-middle/index.js:81:25)
    at require (node:internal/modules/helpers:135:16)
    at Object.<anonymous> (/Users/seman/Desktop/zmartV0.69/backend/src/services/market-monitor/index.ts:22:1)
    at Module._compile (node:internal/modules/cjs/loader:1734:14)
    at Object..js (node:internal/modules/cjs/loader:1899:10)
    at Module.load (node:internal/modules/cjs/loader:1469:32)
    at Function._load (node:internal/modules/cjs/loader:1286:12)
    at /opt/homebrew/lib/node_modules/pm2/lib/ProcessContainer.js:292:27
    at wrapper (/opt/homebrew/lib/node_modules/pm2/node_modules/async/internal/once.js:12:16)
Error: Cannot find module '../../../target/idl/zmart_core.json'
Require stack:
- /Users/seman/Desktop/zmartV0.69/backend/dist/services/market-monitor/index.js
    at Function._resolveFilename (node:internal/modules/cjs/loader:1405:15)
    at Module.Hook._require.Module.require (/opt/homebrew/lib/node_modules/pm2/node_modules/require-in-the-middle/index.js:81:25)
    at require (node:internal/modules/helpers:135:16)
    at Object.<anonymous> (/Users/seman/Desktop/zmartV0.69/backend/src/services/market-monitor/index.ts:22:1)
    at Module._compile (node:internal/modules/cjs/loader:1734:14)
    at Object..js (node:internal/modules/cjs/loader:1899:10)
    at Module.load (node:internal/modules/cjs/loader:1469:32)
    at Function._load (node:internal/modules/cjs/loader:1286:12)
    at /opt/homebrew/lib/node_modules/pm2/lib/ProcessContainer.js:292:27
    at wrapper (/opt/homebrew/lib/node_modules/pm2/node_modules/async/internal/once.js:12:16)
Error: Cannot find module '../../../target/idl/zmart_core.json'
Require stack:
- /Users/seman/Desktop/zmartV0.69/backend/dist/services/market-monitor/index.js
    at Function._resolveFilename (node:internal/modules/cjs/loader:1405:15)
    at Module.Hook._require.Module.require (/opt/homebrew/lib/node_modules/pm2/node_modules/require-in-the-middle/index.js:81:25)
    at require (node:internal/modules/helpers:135:16)
    at Object.<anonymous> (/Users/seman/Desktop/zmartV0.69/backend/src/services/market-monitor/index.ts:22:1)
    at Module._compile (node:internal/modules/cjs/loader:1734:14)
    at Object..js (node:internal/modules/cjs/loader:1899:10)
    at Module.load (node:internal/modules/cjs/loader:1469:32)
    at Function._load (node:internal/modules/cjs/loader:1286:12)
    at /opt/homebrew/lib/node_modules/pm2/lib/ProcessContainer.js:292:27
    at wrapper (/opt/homebrew/lib/node_modules/pm2/node_modules/async/internal/once.js:12:16)
Error: Cannot find module '../../../target/idl/zmart_core.json'
Require stack:
- /Users/seman/Desktop/zmartV0.69/backend/dist/services/market-monitor/index.js
    at Function._resolveFilename (node:internal/modules/cjs/loader:1405:15)
    at Module.Hook._require.Module.require (/opt/homebrew/lib/node_modules/pm2/node_modules/require-in-the-middle/index.js:81:25)
    at require (node:internal/modules/helpers:135:16)
    at Object.<anonymous> (/Users/seman/Desktop/zmartV0.69/backend/src/services/market-monitor/index.ts:22:1)
    at Module._compile (node:internal/modules/cjs/loader:1734:14)
    at Object..js (node:internal/modules/cjs/loader:1899:10)
    at Module.load (node:internal/modules/cjs/loader:1469:32)
    at Function._load (node:internal/modules/cjs/loader:1286:12)
    at /opt/homebrew/lib/node_modules/pm2/lib/ProcessContainer.js:292:27
    at wrapper (/opt/homebrew/lib/node_modules/pm2/node_modules/async/internal/once.js:12:16)
Error: Cannot find module '../../../target/idl/zmart_core.json'
Require stack:
- /Users/seman/Desktop/zmartV0.69/backend/dist/services/market-monitor/index.js
    at Function._resolveFilename (node:internal/modules/cjs/loader:1405:15)
    at Module.Hook._require.Module.require (/opt/homebrew/lib/node_modules/pm2/node_modules/require-in-the-middle/index.js:81:25)
    at require (node:internal/modules/helpers:135:16)
    at Object.<anonymous> (/Users/seman/Desktop/zmartV0.69/backend/src/services/market-monitor/index.ts:22:1)
    at Module._compile (node:internal/modules/cjs/loader:1734:14)
    at Object..js (node:internal/modules/cjs/loader:1899:10)
    at Module.load (node:internal/modules/cjs/loader:1469:32)
    at Function._load (node:internal/modules/cjs/loader:1286:12)
    at /opt/homebrew/lib/node_modules/pm2/lib/ProcessContainer.js:292:27
    at wrapper (/opt/homebrew/lib/node_modules/pm2/node_modules/async/internal/once.js:12:16)
Error: Cannot find module '../../../target/idl/zmart_core.json'
Require stack:
- /Users/seman/Desktop/zmartV0.69/backend/dist/services/market-monitor/index.js
    at Function._resolveFilename (node:internal/modules/cjs/loader:1405:15)
    at Module.Hook._require.Module.require (/opt/homebrew/lib/node_modules/pm2/node_modules/require-in-the-middle/index.js:81:25)
    at require (node:internal/modules/helpers:135:16)
    at Object.<anonymous> (/Users/seman/Desktop/zmartV0.69/backend/src/services/market-monitor/index.ts:22:1)
    at Module._compile (node:internal/modules/cjs/loader:1734:14)
    at Object..js (node:internal/modules/cjs/loader:1899:10)
    at Module.load (node:internal/modules/cjs/loader:1469:32)
    at Function._load (node:internal/modules/cjs/loader:1286:12)
    at /opt/homebrew/lib/node_modules/pm2/lib/ProcessContainer.js:292:27
    at wrapper (/opt/homebrew/lib/node_modules/pm2/node_modules/async/internal/once.js:12:16)
Error: Cannot find module '../../../target/idl/zmart_core.json'
Require stack:
- /Users/seman/Desktop/zmartV0.69/backend/dist/services/market-monitor/index.js
    at Function._resolveFilename (node:internal/modules/cjs/loader:1405:15)
    at Module.Hook._require.Module.require (/opt/homebrew/lib/node_modules/pm2/node_modules/require-in-the-middle/index.js:81:25)
    at require (node:internal/modules/helpers:135:16)
    at Object.<anonymous> (/Users/seman/Desktop/zmartV0.69/backend/src/services/market-monitor/index.ts:22:1)
    at Module._compile (node:internal/modules/cjs/loader:1734:14)
    at Object..js (node:internal/modules/cjs/loader:1899:10)
    at Module.load (node:internal/modules/cjs/loader:1469:32)
    at Function._load (node:internal/modules/cjs/loader:1286:12)
    at /opt/homebrew/lib/node_modules/pm2/lib/ProcessContainer.js:292:27
    at wrapper (/opt/homebrew/lib/node_modules/pm2/node_modules/async/internal/once.js:12:16)
Error: Cannot find module '../../../target/idl/zmart_core.json'
Require stack:
- /Users/seman/Desktop/zmartV0.69/backend/dist/services/market-monitor/index.js
    at Function._resolveFilename (node:internal/modules/cjs/loader:1405:15)
    at Module.Hook._require.Module.require (/opt/homebrew/lib/node_modules/pm2/node_modules/require-in-the-middle/index.js:81:25)
    at require (node:internal/modules/helpers:135:16)
    at Object.<anonymous> (/Users/seman/Desktop/zmartV0.69/backend/src/services/market-monitor/index.ts:22:1)
    at Module._compile (node:internal/modules/cjs/loader:1734:14)
    at Object..js (node:internal/modules/cjs/loader:1899:10)
    at Module.load (node:internal/modules/cjs/loader:1469:32)
    at Function._load (node:internal/modules/cjs/loader:1286:12)
    at /opt/homebrew/lib/node_modules/pm2/lib/ProcessContainer.js:292:27
    at wrapper (/opt/homebrew/lib/node_modules/pm2/node_modules/async/internal/once.js:12:16)
Error: Cannot find module '../../../target/idl/zmart_core.json'
Require stack:
- /Users/seman/Desktop/zmartV0.69/backend/dist/services/market-monitor/index.js
    at Function._resolveFilename (node:internal/modules/cjs/loader:1405:15)
    at Module.Hook._require.Module.require (/opt/homebrew/lib/node_modules/pm2/node_modules/require-in-the-middle/index.js:81:25)
    at require (node:internal/modules/helpers:135:16)
    at Object.<anonymous> (/Users/seman/Desktop/zmartV0.69/backend/src/services/market-monitor/index.ts:22:1)
    at Module._compile (node:internal/modules/cjs/loader:1734:14)
    at Object..js (node:internal/modules/cjs/loader:1899:10)
    at Module.load (node:internal/modules/cjs/loader:1469:32)
    at Function._load (node:internal/modules/cjs/loader:1286:12)
    at /opt/homebrew/lib/node_modules/pm2/lib/ProcessContainer.js:292:27
    at wrapper (/opt/homebrew/lib/node_modules/pm2/node_modules/async/internal/once.js:12:16)
Error: Cannot find module '../../../target/idl/zmart_core.json'
Require stack:
- /Users/seman/Desktop/zmartV0.69/backend/dist/services/market-monitor/index.js
    at Function._resolveFilename (node:internal/modules/cjs/loader:1405:15)
    at Module.Hook._require.Module.require (/opt/homebrew/lib/node_modules/pm2/node_modules/require-in-the-middle/index.js:81:25)
    at require (node:internal/modules/helpers:135:16)
    at Object.<anonymous> (/Users/seman/Desktop/zmartV0.69/backend/src/services/market-monitor/index.ts:22:1)
    at Module._compile (node:internal/modules/cjs/loader:1734:14)
    at Object..js (node:internal/modules/cjs/loader:1899:10)
    at Module.load (node:internal/modules/cjs/loader:1469:32)
    at Function._load (node:internal/modules/cjs/loader:1286:12)
    at /opt/homebrew/lib/node_modules/pm2/lib/ProcessContainer.js:292:27
    at wrapper (/opt/homebrew/lib/node_modules/pm2/node_modules/async/internal/once.js:12:16)
Error: Cannot find module '../../../target/idl/zmart_core.json'
Require stack:
- /Users/seman/Desktop/zmartV0.69/backend/dist/services/market-monitor/index.js
    at Function._resolveFilename (node:internal/modules/cjs/loader:1405:15)
    at Module.Hook._require.Module.require (/opt/homebrew/lib/node_modules/pm2/node_modules/require-in-the-middle/index.js:81:25)
    at require (node:internal/modules/helpers:135:16)
    at Object.<anonymous> (/Users/seman/Desktop/zmartV0.69/backend/src/services/market-monitor/index.ts:22:1)
    at Module._compile (node:internal/modules/cjs/loader:1734:14)
    at Object..js (node:internal/modules/cjs/loader:1899:10)
    at Module.load (node:internal/modules/cjs/loader:1469:32)
    at Function._load (node:internal/modules/cjs/loader:1286:12)
    at /opt/homebrew/lib/node_modules/pm2/lib/ProcessContainer.js:292:27
    at wrapper (/opt/homebrew/lib/node_modules/pm2/node_modules/async/internal/once.js:12:16)
Error: Cannot find module '../../../target/idl/zmart_core.json'
Require stack:
- /Users/seman/Desktop/zmartV0.69/backend/dist/services/market-monitor/index.js
    at Function._resolveFilename (node:internal/modules/cjs/loader:1405:15)
    at Module.Hook._require.Module.require (/opt/homebrew/lib/node_modules/pm2/node_modules/require-in-the-middle/index.js:81:25)
    at require (node:internal/modules/helpers:135:16)
    at Object.<anonymous> (/Users/seman/Desktop/zmartV0.69/backend/src/services/market-monitor/index.ts:22:1)
    at Module._compile (node:internal/modules/cjs/loader:1734:14)
    at Object..js (node:internal/modules/cjs/loader:1899:10)
    at Module.load (node:internal/modules/cjs/loader:1469:32)
    at Function._load (node:internal/modules/cjs/loader:1286:12)
    at /opt/homebrew/lib/node_modules/pm2/lib/ProcessContainer.js:292:27
    at wrapper (/opt/homebrew/lib/node_modules/pm2/node_modules/async/internal/once.js:12:16)
Error: Cannot find module '../../../target/idl/zmart_core.json'
Require stack:
- /Users/seman/Desktop/zmartV0.69/backend/dist/services/market-monitor/index.js
    at Function._resolveFilename (node:internal/modules/cjs/loader:1405:15)
    at Module.Hook._require.Module.require (/opt/homebrew/lib/node_modules/pm2/node_modules/require-in-the-middle/index.js:81:25)
    at require (node:internal/modules/helpers:135:16)
    at Object.<anonymous> (/Users/seman/Desktop/zmartV0.69/backend/src/services/market-monitor/index.ts:22:1)
    at Module._compile (node:internal/modules/cjs/loader:1734:14)
    at Object..js (node:internal/modules/cjs/loader:1899:10)
    at Module.load (node:internal/modules/cjs/loader:1469:32)
    at Function._load (node:internal/modules/cjs/loader:1286:12)
    at /opt/homebrew/lib/node_modules/pm2/lib/ProcessContainer.js:292:27
    at wrapper (/opt/homebrew/lib/node_modules/pm2/node_modules/async/internal/once.js:12:16)
Error: Cannot find module '../../../target/idl/zmart_core.json'
Require stack:
- /Users/seman/Desktop/zmartV0.69/backend/dist/services/market-monitor/index.js
    at Function._resolveFilename (node:internal/modules/cjs/loader:1405:15)
    at Module.Hook._require.Module.require (/opt/homebrew/lib/node_modules/pm2/node_modules/require-in-the-middle/index.js:81:25)
    at require (node:internal/modules/helpers:135:16)
    at Object.<anonymous> (/Users/seman/Desktop/zmartV0.69/backend/src/services/market-monitor/index.ts:22:1)
    at Module._compile (node:internal/modules/cjs/loader:1734:14)
    at Object..js (node:internal/modules/cjs/loader:1899:10)
    at Module.load (node:internal/modules/cjs/loader:1469:32)
    at Function._load (node:internal/modules/cjs/loader:1286:12)
    at /opt/homebrew/lib/node_modules/pm2/lib/ProcessContainer.js:292:27
    at wrapper (/opt/homebrew/lib/node_modules/pm2/node_modules/async/internal/once.js:12:16)
Error: Cannot find module '../../../target/idl/zmart_core.json'
Require stack:
- /Users/seman/Desktop/zmartV0.69/backend/dist/services/market-monitor/index.js
    at Function._resolveFilename (node:internal/modules/cjs/loader:1405:15)
    at Module.Hook._require.Module.require (/opt/homebrew/lib/node_modules/pm2/node_modules/require-in-the-middle/index.js:81:25)
    at require (node:internal/modules/helpers:135:16)
    at Object.<anonymous> (/Users/seman/Desktop/zmartV0.69/backend/src/services/market-monitor/index.ts:22:1)
    at Module._compile (node:internal/modules/cjs/loader:1734:14)
    at Object..js (node:internal/modules/cjs/loader:1899:10)
    at Module.load (node:internal/modules/cjs/loader:1469:32)
    at Function._load (node:internal/modules/cjs/loader:1286:12)
    at /opt/homebrew/lib/node_modules/pm2/lib/ProcessContainer.js:292:27
    at wrapper (/opt/homebrew/lib/node_modules/pm2/node_modules/async/internal/once.js:12:16)
Error: Cannot find module '../../../target/idl/zmart_core.json'
Require stack:
- /Users/seman/Desktop/zmartV0.69/backend/dist/services/market-monitor/index.js
    at Function._resolveFilename (node:internal/modules/cjs/loader:1405:15)
    at Module.Hook._require.Module.require (/opt/homebrew/lib/node_modules/pm2/node_modules/require-in-the-middle/index.js:81:25)
    at require (node:internal/modules/helpers:135:16)
    at Object.<anonymous> (/Users/seman/Desktop/zmartV0.69/backend/src/services/market-monitor/index.ts:22:1)
    at Module._compile (node:internal/modules/cjs/loader:1734:14)
    at Object..js (node:internal/modules/cjs/loader:1899:10)
    at Module.load (node:internal/modules/cjs/loader:1469:32)
    at Function._load (node:internal/modules/cjs/loader:1286:12)
    at /opt/homebrew/lib/node_modules/pm2/lib/ProcessContainer.js:292:27
    at wrapper (/opt/homebrew/lib/node_modules/pm2/node_modules/async/internal/once.js:12:16)
Error: Cannot find module '../../../target/idl/zmart_core.json'
Require stack:
- /Users/seman/Desktop/zmartV0.69/backend/dist/services/market-monitor/index.js
    at Function._resolveFilename (node:internal/modules/cjs/loader:1405:15)
    at Module.Hook._require.Module.require (/opt/homebrew/lib/node_modules/pm2/node_modules/require-in-the-middle/index.js:81:25)
    at require (node:internal/modules/helpers:135:16)
    at Object.<anonymous> (/Users/seman/Desktop/zmartV0.69/backend/src/services/market-monitor/index.ts:22:1)
    at Module._compile (node:internal/modules/cjs/loader:1734:14)
    at Object..js (node:internal/modules/cjs/loader:1899:10)
    at Module.load (node:internal/modules/cjs/loader:1469:32)
    at Function._load (node:internal/modules/cjs/loader:1286:12)
    at /opt/homebrew/lib/node_modules/pm2/lib/ProcessContainer.js:292:27
    at wrapper (/opt/homebrew/lib/node_modules/pm2/node_modules/async/internal/once.js:12:16)
Error: Cannot find module '../../../target/idl/zmart_core.json'
Require stack:
- /Users/seman/Desktop/zmartV0.69/backend/dist/services/market-monitor/index.js
    at Function._resolveFilename (node:internal/modules/cjs/loader:1405:15)
    at Module.Hook._require.Module.require (/opt/homebrew/lib/node_modules/pm2/node_modules/require-in-the-middle/index.js:81:25)
    at require (node:internal/modules/helpers:135:16)
    at Object.<anonymous> (/Users/seman/Desktop/zmartV0.69/backend/src/services/market-monitor/index.ts:22:1)
    at Module._compile (node:internal/modules/cjs/loader:1734:14)
    at Object..js (node:internal/modules/cjs/loader:1899:10)
    at Module.load (node:internal/modules/cjs/loader:1469:32)
    at Function._load (node:internal/modules/cjs/loader:1286:12)
    at /opt/homebrew/lib/node_modules/pm2/lib/ProcessContainer.js:292:27
    at wrapper (/opt/homebrew/lib/node_modules/pm2/node_modules/async/internal/once.js:12:16)
Error: Cannot find module '../../../target/idl/zmart_core.json'
Require stack:
- /Users/seman/Desktop/zmartV0.69/backend/dist/services/market-monitor/index.js
    at Function._resolveFilename (node:internal/modules/cjs/loader:1405:15)
    at Module.Hook._require.Module.require (/opt/homebrew/lib/node_modules/pm2/node_modules/require-in-the-middle/index.js:81:25)
    at require (node:internal/modules/helpers:135:16)
    at Object.<anonymous> (/Users/seman/Desktop/zmartV0.69/backend/src/services/market-monitor/index.ts:22:1)
    at Module._compile (node:internal/modules/cjs/loader:1734:14)
    at Object..js (node:internal/modules/cjs/loader:1899:10)
    at Module.load (node:internal/modules/cjs/loader:1469:32)
    at Function._load (node:internal/modules/cjs/loader:1286:12)
    at /opt/homebrew/lib/node_modules/pm2/lib/ProcessContainer.js:292:27
    at wrapper (/opt/homebrew/lib/node_modules/pm2/node_modules/async/internal/once.js:12:16)
Error: Cannot find module '../../../target/idl/zmart_core.json'
Require stack:
- /Users/seman/Desktop/zmartV0.69/backend/dist/services/market-monitor/index.js
    at Function._resolveFilename (node:internal/modules/cjs/loader:1405:15)
    at Module.Hook._require.Module.require (/opt/homebrew/lib/node_modules/pm2/node_modules/require-in-the-middle/index.js:81:25)
    at require (node:internal/modules/helpers:135:16)
    at Object.<anonymous> (/Users/seman/Desktop/zmartV0.69/backend/src/services/market-monitor/index.ts:22:1)
    at Module._compile (node:internal/modules/cjs/loader:1734:14)
    at Object..js (node:internal/modules/cjs/loader:1899:10)
    at Module.load (node:internal/modules/cjs/loader:1469:32)
    at Function._load (node:internal/modules/cjs/loader:1286:12)
    at /opt/homebrew/lib/node_modules/pm2/lib/ProcessContainer.js:292:27
    at wrapper (/opt/homebrew/lib/node_modules/pm2/node_modules/async/internal/once.js:12:16)
Error: Cannot find module '../../../target/idl/zmart_core.json'
Require stack:
- /Users/seman/Desktop/zmartV0.69/backend/dist/services/market-monitor/index.js
    at Function._resolveFilename (node:internal/modules/cjs/loader:1405:15)
    at Module.Hook._require.Module.require (/opt/homebrew/lib/node_modules/pm2/node_modules/require-in-the-middle/index.js:81:25)
    at require (node:internal/modules/helpers:135:16)
    at Object.<anonymous> (/Users/seman/Desktop/zmartV0.69/backend/src/services/market-monitor/index.ts:22:1)
    at Module._compile (node:internal/modules/cjs/loader:1734:14)
    at Object..js (node:internal/modules/cjs/loader:1899:10)
    at Module.load (node:internal/modules/cjs/loader:1469:32)
    at Function._load (node:internal/modules/cjs/loader:1286:12)
    at /opt/homebrew/lib/node_modules/pm2/lib/ProcessContainer.js:292:27
    at wrapper (/opt/homebrew/lib/node_modules/pm2/node_modules/async/internal/once.js:12:16)
Error: Cannot find module '../../../target/idl/zmart_core.json'
Require stack:
- /Users/seman/Desktop/zmartV0.69/backend/dist/services/market-monitor/index.js
    at Function._resolveFilename (node:internal/modules/cjs/loader:1405:15)
    at Module.Hook._require.Module.require (/opt/homebrew/lib/node_modules/pm2/node_modules/require-in-the-middle/index.js:81:25)
    at require (node:internal/modules/helpers:135:16)
    at Object.<anonymous> (/Users/seman/Desktop/zmartV0.69/backend/src/services/market-monitor/index.ts:22:1)
    at Module._compile (node:internal/modules/cjs/loader:1734:14)
    at Object..js (node:internal/modules/cjs/loader:1899:10)
    at Module.load (node:internal/modules/cjs/loader:1469:32)
    at Function._load (node:internal/modules/cjs/loader:1286:12)
    at /opt/homebrew/lib/node_modules/pm2/lib/ProcessContainer.js:292:27
    at wrapper (/opt/homebrew/lib/node_modules/pm2/node_modules/async/internal/once.js:12:16)
Error: Cannot find module '../../../target/idl/zmart_core.json'
Require stack:
- /Users/seman/Desktop/zmartV0.69/backend/dist/services/market-monitor/index.js
    at Function._resolveFilename (node:internal/modules/cjs/loader:1405:15)
    at Module.Hook._require.Module.require (/opt/homebrew/lib/node_modules/pm2/node_modules/require-in-the-middle/index.js:81:25)
    at require (node:internal/modules/helpers:135:16)
    at Object.<anonymous> (/Users/seman/Desktop/zmartV0.69/backend/src/services/market-monitor/index.ts:22:1)
    at Module._compile (node:internal/modules/cjs/loader:1734:14)
    at Object..js (node:internal/modules/cjs/loader:1899:10)
    at Module.load (node:internal/modules/cjs/loader:1469:32)
    at Function._load (node:internal/modules/cjs/loader:1286:12)
    at /opt/homebrew/lib/node_modules/pm2/lib/ProcessContainer.js:292:27
    at wrapper (/opt/homebrew/lib/node_modules/pm2/node_modules/async/internal/once.js:12:16)
Error: Cannot find module '../../../target/idl/zmart_core.json'
Require stack:
- /Users/seman/Desktop/zmartV0.69/backend/dist/services/market-monitor/index.js
    at Function._resolveFilename (node:internal/modules/cjs/loader:1405:15)
    at Module.Hook._require.Module.require (/opt/homebrew/lib/node_modules/pm2/node_modules/require-in-the-middle/index.js:81:25)
    at require (node:internal/modules/helpers:135:16)
    at Object.<anonymous> (/Users/seman/Desktop/zmartV0.69/backend/src/services/market-monitor/index.ts:22:1)
    at Module._compile (node:internal/modules/cjs/loader:1734:14)
    at Object..js (node:internal/modules/cjs/loader:1899:10)
    at Module.load (node:internal/modules/cjs/loader:1469:32)
    at Function._load (node:internal/modules/cjs/loader:1286:12)
    at /opt/homebrew/lib/node_modules/pm2/lib/ProcessContainer.js:292:27
    at wrapper (/opt/homebrew/lib/node_modules/pm2/node_modules/async/internal/once.js:12:16)
Error: Cannot find module '../../../target/idl/zmart_core.json'
Require stack:
- /Users/seman/Desktop/zmartV0.69/backend/dist/services/market-monitor/index.js
    at Function._resolveFilename (node:internal/modules/cjs/loader:1405:15)
    at Module.Hook._require.Module.require (/opt/homebrew/lib/node_modules/pm2/node_modules/require-in-the-middle/index.js:81:25)
    at require (node:internal/modules/helpers:135:16)
    at Object.<anonymous> (/Users/seman/Desktop/zmartV0.69/backend/src/services/market-monitor/index.ts:22:1)
    at Module._compile (node:internal/modules/cjs/loader:1734:14)
    at Object..js (node:internal/modules/cjs/loader:1899:10)
    at Module.load (node:internal/modules/cjs/loader:1469:32)
    at Function._load (node:internal/modules/cjs/loader:1286:12)
    at /opt/homebrew/lib/node_modules/pm2/lib/ProcessContainer.js:292:27
    at wrapper (/opt/homebrew/lib/node_modules/pm2/node_modules/async/internal/once.js:12:16)
Error: Cannot find module '../../../target/idl/zmart_core.json'
Require stack:
- /Users/seman/Desktop/zmartV0.69/backend/dist/services/market-monitor/index.js
    at Function._resolveFilename (node:internal/modules/cjs/loader:1405:15)
    at Module.Hook._require.Module.require (/opt/homebrew/lib/node_modules/pm2/node_modules/require-in-the-middle/index.js:81:25)
    at require (node:internal/modules/helpers:135:16)
    at Object.<anonymous> (/Users/seman/Desktop/zmartV0.69/backend/src/services/market-monitor/index.ts:22:1)
    at Module._compile (node:internal/modules/cjs/loader:1734:14)
    at Object..js (node:internal/modules/cjs/loader:1899:10)
    at Module.load (node:internal/modules/cjs/loader:1469:32)
    at Function._load (node:internal/modules/cjs/loader:1286:12)
    at /opt/homebrew/lib/node_modules/pm2/lib/ProcessContainer.js:292:27
    at wrapper (/opt/homebrew/lib/node_modules/pm2/node_modules/async/internal/once.js:12:16)
Error: Cannot find module '../../../target/idl/zmart_core.json'
Require stack:
- /Users/seman/Desktop/zmartV0.69/backend/dist/services/market-monitor/index.js
    at Function._resolveFilename (node:internal/modules/cjs/loader:1405:15)
    at Module.Hook._require.Module.require (/opt/homebrew/lib/node_modules/pm2/node_modules/require-in-the-middle/index.js:81:25)
    at require (node:internal/modules/helpers:135:16)
    at Object.<anonymous> (/Users/seman/Desktop/zmartV0.69/backend/src/services/market-monitor/index.ts:22:1)
    at Module._compile (node:internal/modules/cjs/loader:1734:14)
    at Object..js (node:internal/modules/cjs/loader:1899:10)
    at Module.load (node:internal/modules/cjs/loader:1469:32)
    at Function._load (node:internal/modules/cjs/loader:1286:12)
    at /opt/homebrew/lib/node_modules/pm2/lib/ProcessContainer.js:292:27
    at wrapper (/opt/homebrew/lib/node_modules/pm2/node_modules/async/internal/once.js:12:16)
Error: Cannot find module '../../../target/idl/zmart_core.json'
Require stack:
- /Users/seman/Desktop/zmartV0.69/backend/dist/services/market-monitor/index.js
    at Function._resolveFilename (node:internal/modules/cjs/loader:1405:15)
    at Module.Hook._require.Module.require (/opt/homebrew/lib/node_modules/pm2/node_modules/require-in-the-middle/index.js:81:25)
    at require (node:internal/modules/helpers:135:16)
    at Object.<anonymous> (/Users/seman/Desktop/zmartV0.69/backend/src/services/market-monitor/index.ts:22:1)
    at Module._compile (node:internal/modules/cjs/loader:1734:14)
    at Object..js (node:internal/modules/cjs/loader:1899:10)
    at Module.load (node:internal/modules/cjs/loader:1469:32)
    at Function._load (node:internal/modules/cjs/loader:1286:12)
    at /opt/homebrew/lib/node_modules/pm2/lib/ProcessContainer.js:292:27
    at wrapper (/opt/homebrew/lib/node_modules/pm2/node_modules/async/internal/once.js:12:16)
Error: Cannot find module '../../../target/idl/zmart_core.json'
Require stack:
- /Users/seman/Desktop/zmartV0.69/backend/dist/services/market-monitor/index.js
    at Function._resolveFilename (node:internal/modules/cjs/loader:1405:15)
    at Module.Hook._require.Module.require (/opt/homebrew/lib/node_modules/pm2/node_modules/require-in-the-middle/index.js:81:25)
    at require (node:internal/modules/helpers:135:16)
    at Object.<anonymous> (/Users/seman/Desktop/zmartV0.69/backend/src/services/market-monitor/index.ts:22:1)
    at Module._compile (node:internal/modules/cjs/loader:1734:14)
    at Object..js (node:internal/modules/cjs/loader:1899:10)
    at Module.load (node:internal/modules/cjs/loader:1469:32)
    at Function._load (node:internal/modules/cjs/loader:1286:12)
    at /opt/homebrew/lib/node_modules/pm2/lib/ProcessContainer.js:292:27
    at wrapper (/opt/homebrew/lib/node_modules/pm2/node_modules/async/internal/once.js:12:16)
Error: Cannot find module '../../../target/idl/zmart_core.json'
Require stack:
- /Users/seman/Desktop/zmartV0.69/backend/dist/services/market-monitor/index.js
    at Function._resolveFilename (node:internal/modules/cjs/loader:1405:15)
    at Module.Hook._require.Module.require (/opt/homebrew/lib/node_modules/pm2/node_modules/require-in-the-middle/index.js:81:25)
    at require (node:internal/modules/helpers:135:16)
    at Object.<anonymous> (/Users/seman/Desktop/zmartV0.69/backend/src/services/market-monitor/index.ts:22:1)
    at Module._compile (node:internal/modules/cjs/loader:1734:14)
    at Object..js (node:internal/modules/cjs/loader:1899:10)
    at Module.load (node:internal/modules/cjs/loader:1469:32)
    at Function._load (node:internal/modules/cjs/loader:1286:12)
    at /opt/homebrew/lib/node_modules/pm2/lib/ProcessContainer.js:292:27
    at wrapper (/opt/homebrew/lib/node_modules/pm2/node_modules/async/internal/once.js:12:16)
Error: Cannot find module '../../../target/idl/zmart_core.json'
Require stack:
- /Users/seman/Desktop/zmartV0.69/backend/dist/services/market-monitor/index.js
    at Function._resolveFilename (node:internal/modules/cjs/loader:1405:15)
    at Module.Hook._require.Module.require (/opt/homebrew/lib/node_modules/pm2/node_modules/require-in-the-middle/index.js:81:25)
    at require (node:internal/modules/helpers:135:16)
    at Object.<anonymous> (/Users/seman/Desktop/zmartV0.69/backend/src/services/market-monitor/index.ts:22:1)
    at Module._compile (node:internal/modules/cjs/loader:1734:14)
    at Object..js (node:internal/modules/cjs/loader:1899:10)
    at Module.load (node:internal/modules/cjs/loader:1469:32)
    at Function._load (node:internal/modules/cjs/loader:1286:12)
    at /opt/homebrew/lib/node_modules/pm2/lib/ProcessContainer.js:292:27
    at wrapper (/opt/homebrew/lib/node_modules/pm2/node_modules/async/internal/once.js:12:16)
Error: Cannot find module '../../../target/idl/zmart_core.json'
Require stack:
- /Users/seman/Desktop/zmartV0.69/backend/dist/services/market-monitor/index.js
    at Function._resolveFilename (node:internal/modules/cjs/loader:1405:15)
    at Module.Hook._require.Module.require (/opt/homebrew/lib/node_modules/pm2/node_modules/require-in-the-middle/index.js:81:25)
    at require (node:internal/modules/helpers:135:16)
    at Object.<anonymous> (/Users/seman/Desktop/zmartV0.69/backend/src/services/market-monitor/index.ts:22:1)
    at Module._compile (node:internal/modules/cjs/loader:1734:14)
    at Object..js (node:internal/modules/cjs/loader:1899:10)
    at Module.load (node:internal/modules/cjs/loader:1469:32)
    at Function._load (node:internal/modules/cjs/loader:1286:12)
    at /opt/homebrew/lib/node_modules/pm2/lib/ProcessContainer.js:292:27
    at wrapper (/opt/homebrew/lib/node_modules/pm2/node_modules/async/internal/once.js:12:16)
Error: Cannot find module '../../../target/idl/zmart_core.json'
Require stack:
- /Users/seman/Desktop/zmartV0.69/backend/dist/services/market-monitor/index.js
    at Function._resolveFilename (node:internal/modules/cjs/loader:1405:15)
    at Module.Hook._require.Module.require (/opt/homebrew/lib/node_modules/pm2/node_modules/require-in-the-middle/index.js:81:25)
    at require (node:internal/modules/helpers:135:16)
    at Object.<anonymous> (/Users/seman/Desktop/zmartV0.69/backend/src/services/market-monitor/index.ts:22:1)
    at Module._compile (node:internal/modules/cjs/loader:1734:14)
    at Object..js (node:internal/modules/cjs/loader:1899:10)
    at Module.load (node:internal/modules/cjs/loader:1469:32)
    at Function._load (node:internal/modules/cjs/loader:1286:12)
    at /opt/homebrew/lib/node_modules/pm2/lib/ProcessContainer.js:292:27
    at wrapper (/opt/homebrew/lib/node_modules/pm2/node_modules/async/internal/once.js:12:16)
Error: Cannot find module '../../../target/idl/zmart_core.json'
Require stack:
- /Users/seman/Desktop/zmartV0.69/backend/dist/services/market-monitor/index.js
    at Function._resolveFilename (node:internal/modules/cjs/loader:1405:15)
    at Module.Hook._require.Module.require (/opt/homebrew/lib/node_modules/pm2/node_modules/require-in-the-middle/index.js:81:25)
    at require (node:internal/modules/helpers:135:16)
    at Object.<anonymous> (/Users/seman/Desktop/zmartV0.69/backend/src/services/market-monitor/index.ts:22:1)
    at Module._compile (node:internal/modules/cjs/loader:1734:14)
    at Object..js (node:internal/modules/cjs/loader:1899:10)
    at Module.load (node:internal/modules/cjs/loader:1469:32)
    at Function._load (node:internal/modules/cjs/loader:1286:12)
    at /opt/homebrew/lib/node_modules/pm2/lib/ProcessContainer.js:292:27
    at wrapper (/opt/homebrew/lib/node_modules/pm2/node_modules/async/internal/once.js:12:16)
Error: Cannot find module '../../../target/idl/zmart_core.json'
Require stack:
- /Users/seman/Desktop/zmartV0.69/backend/dist/services/market-monitor/index.js
    at Function._resolveFilename (node:internal/modules/cjs/loader:1405:15)
    at Module.Hook._require.Module.require (/opt/homebrew/lib/node_modules/pm2/node_modules/require-in-the-middle/index.js:81:25)
    at require (node:internal/modules/helpers:135:16)
    at Object.<anonymous> (/Users/seman/Desktop/zmartV0.69/backend/src/services/market-monitor/index.ts:22:1)
    at Module._compile (node:internal/modules/cjs/loader:1734:14)
    at Object..js (node:internal/modules/cjs/loader:1899:10)
    at Module.load (node:internal/modules/cjs/loader:1469:32)
    at Function._load (node:internal/modules/cjs/loader:1286:12)
    at /opt/homebrew/lib/node_modules/pm2/lib/ProcessContainer.js:292:27
    at wrapper (/opt/homebrew/lib/node_modules/pm2/node_modules/async/internal/once.js:12:16)
Error: Cannot find module '../../../target/idl/zmart_core.json'
Require stack:
- /Users/seman/Desktop/zmartV0.69/backend/dist/services/market-monitor/index.js
    at Function._resolveFilename (node:internal/modules/cjs/loader:1405:15)
    at Module.Hook._require.Module.require (/opt/homebrew/lib/node_modules/pm2/node_modules/require-in-the-middle/index.js:81:25)
    at require (node:internal/modules/helpers:135:16)
    at Object.<anonymous> (/Users/seman/Desktop/zmartV0.69/backend/src/services/market-monitor/index.ts:22:1)
    at Module._compile (node:internal/modules/cjs/loader:1734:14)
    at Object..js (node:internal/modules/cjs/loader:1899:10)
    at Module.load (node:internal/modules/cjs/loader:1469:32)
    at Function._load (node:internal/modules/cjs/loader:1286:12)
    at /opt/homebrew/lib/node_modules/pm2/lib/ProcessContainer.js:292:27
    at wrapper (/opt/homebrew/lib/node_modules/pm2/node_modules/async/internal/once.js:12:16)
Error: Cannot find module '../../../target/idl/zmart_core.json'
Require stack:
- /Users/seman/Desktop/zmartV0.69/backend/dist/services/market-monitor/index.js
    at Function._resolveFilename (node:internal/modules/cjs/loader:1405:15)
    at Module.Hook._require.Module.require (/opt/homebrew/lib/node_modules/pm2/node_modules/require-in-the-middle/index.js:81:25)
    at require (node:internal/modules/helpers:135:16)
    at Object.<anonymous> (/Users/seman/Desktop/zmartV0.69/backend/src/services/market-monitor/index.ts:22:1)
    at Module._compile (node:internal/modules/cjs/loader:1734:14)
    at Object..js (node:internal/modules/cjs/loader:1899:10)
    at Module.load (node:internal/modules/cjs/loader:1469:32)
    at Function._load (node:internal/modules/cjs/loader:1286:12)
    at /opt/homebrew/lib/node_modules/pm2/lib/ProcessContainer.js:292:27
    at wrapper (/opt/homebrew/lib/node_modules/pm2/node_modules/async/internal/once.js:12:16)
Error: Cannot find module '../../../target/idl/zmart_core.json'
Require stack:
- /Users/seman/Desktop/zmartV0.69/backend/dist/services/market-monitor/index.js
    at Function._resolveFilename (node:internal/modules/cjs/loader:1405:15)
    at Module.Hook._require.Module.require (/opt/homebrew/lib/node_modules/pm2/node_modules/require-in-the-middle/index.js:81:25)
    at require (node:internal/modules/helpers:135:16)
    at Object.<anonymous> (/Users/seman/Desktop/zmartV0.69/backend/src/services/market-monitor/index.ts:22:1)
    at Module._compile (node:internal/modules/cjs/loader:1734:14)
    at Object..js (node:internal/modules/cjs/loader:1899:10)
    at Module.load (node:internal/modules/cjs/loader:1469:32)
    at Function._load (node:internal/modules/cjs/loader:1286:12)
    at /opt/homebrew/lib/node_modules/pm2/lib/ProcessContainer.js:292:27
    at wrapper (/opt/homebrew/lib/node_modules/pm2/node_modules/async/internal/once.js:12:16)
Error: Cannot find module '../../../target/idl/zmart_core.json'
Require stack:
- /Users/seman/Desktop/zmartV0.69/backend/dist/services/market-monitor/index.js
    at Function._resolveFilename (node:internal/modules/cjs/loader:1405:15)
    at Module.Hook._require.Module.require (/opt/homebrew/lib/node_modules/pm2/node_modules/require-in-the-middle/index.js:81:25)
    at require (node:internal/modules/helpers:135:16)
    at Object.<anonymous> (/Users/seman/Desktop/zmartV0.69/backend/src/services/market-monitor/index.ts:22:1)
    at Module._compile (node:internal/modules/cjs/loader:1734:14)
    at Object..js (node:internal/modules/cjs/loader:1899:10)
    at Module.load (node:internal/modules/cjs/loader:1469:32)
    at Function._load (node:internal/modules/cjs/loader:1286:12)
    at /opt/homebrew/lib/node_modules/pm2/lib/ProcessContainer.js:292:27
    at wrapper (/opt/homebrew/lib/node_modules/pm2/node_modules/async/internal/once.js:12:16)
Error: ENOENT: no such file or directory, open '/Users/seman/Desktop/zmartV0.69/backend/target/idl/zmart_core.json'
    at Object.readFileSync (node:fs:443:20)
    at Object.<anonymous> (/Users/seman/Desktop/zmartV0.69/backend/src/services/market-monitor/index.ts:24:27)
    at Module._compile (node:internal/modules/cjs/loader:1734:14)
    at Object..js (node:internal/modules/cjs/loader:1899:10)
    at Module.load (node:internal/modules/cjs/loader:1469:32)
    at Function._load (node:internal/modules/cjs/loader:1286:12)
    at /opt/homebrew/lib/node_modules/pm2/lib/ProcessContainer.js:292:27
    at wrapper (/opt/homebrew/lib/node_modules/pm2/node_modules/async/internal/once.js:12:16)
    at next (/opt/homebrew/lib/node_modules/pm2/node_modules/async/waterfall.js:96:20)
    at /opt/homebrew/lib/node_modules/pm2/node_modules/async/internal/onlyOnce.js:12:16
Error: ENOENT: no such file or directory, open '/Users/seman/Desktop/zmartV0.69/backend/target/idl/zmart_core.json'
    at Object.readFileSync (node:fs:443:20)
    at Object.<anonymous> (/Users/seman/Desktop/zmartV0.69/backend/src/services/market-monitor/index.ts:24:27)
    at Module._compile (node:internal/modules/cjs/loader:1734:14)
    at Object..js (node:internal/modules/cjs/loader:1899:10)
    at Module.load (node:internal/modules/cjs/loader:1469:32)
    at Function._load (node:internal/modules/cjs/loader:1286:12)
    at /opt/homebrew/lib/node_modules/pm2/lib/ProcessContainer.js:292:27
    at wrapper (/opt/homebrew/lib/node_modules/pm2/node_modules/async/internal/once.js:12:16)
    at next (/opt/homebrew/lib/node_modules/pm2/node_modules/async/waterfall.js:96:20)
    at /opt/homebrew/lib/node_modules/pm2/node_modules/async/internal/onlyOnce.js:12:16
Error: ENOENT: no such file or directory, open '/Users/seman/Desktop/zmartV0.69/backend/target/idl/zmart_core.json'
    at Object.readFileSync (node:fs:443:20)
    at Object.<anonymous> (/Users/seman/Desktop/zmartV0.69/backend/src/services/market-monitor/index.ts:24:27)
    at Module._compile (node:internal/modules/cjs/loader:1734:14)
    at Object..js (node:internal/modules/cjs/loader:1899:10)
    at Module.load (node:internal/modules/cjs/loader:1469:32)
    at Function._load (node:internal/modules/cjs/loader:1286:12)
    at /opt/homebrew/lib/node_modules/pm2/lib/ProcessContainer.js:292:27
    at wrapper (/opt/homebrew/lib/node_modules/pm2/node_modules/async/internal/once.js:12:16)
    at next (/opt/homebrew/lib/node_modules/pm2/node_modules/async/waterfall.js:96:20)
    at /opt/homebrew/lib/node_modules/pm2/node_modules/async/internal/onlyOnce.js:12:16
Error: ENOENT: no such file or directory, open '/Users/seman/Desktop/zmartV0.69/backend/target/idl/zmart_core.json'
    at Object.readFileSync (node:fs:443:20)
    at Object.<anonymous> (/Users/seman/Desktop/zmartV0.69/backend/src/services/market-monitor/index.ts:24:27)
    at Module._compile (node:internal/modules/cjs/loader:1734:14)
    at Object..js (node:internal/modules/cjs/loader:1899:10)
    at Module.load (node:internal/modules/cjs/loader:1469:32)
    at Function._load (node:internal/modules/cjs/loader:1286:12)
    at /opt/homebrew/lib/node_modules/pm2/lib/ProcessContainer.js:292:27
    at wrapper (/opt/homebrew/lib/node_modules/pm2/node_modules/async/internal/once.js:12:16)
    at next (/opt/homebrew/lib/node_modules/pm2/node_modules/async/waterfall.js:96:20)
    at /opt/homebrew/lib/node_modules/pm2/node_modules/async/internal/onlyOnce.js:12:16
Error: ENOENT: no such file or directory, open '/Users/seman/Desktop/zmartV0.69/backend/target/idl/zmart_core.json'
    at Object.readFileSync (node:fs:443:20)
    at Object.<anonymous> (/Users/seman/Desktop/zmartV0.69/backend/src/services/market-monitor/index.ts:24:27)
    at Module._compile (node:internal/modules/cjs/loader:1734:14)
    at Object..js (node:internal/modules/cjs/loader:1899:10)
    at Module.load (node:internal/modules/cjs/loader:1469:32)
    at Function._load (node:internal/modules/cjs/loader:1286:12)
    at /opt/homebrew/lib/node_modules/pm2/lib/ProcessContainer.js:292:27
    at wrapper (/opt/homebrew/lib/node_modules/pm2/node_modules/async/internal/once.js:12:16)
    at next (/opt/homebrew/lib/node_modules/pm2/node_modules/async/waterfall.js:96:20)
    at /opt/homebrew/lib/node_modules/pm2/node_modules/async/internal/onlyOnce.js:12:16
Error: ENOENT: no such file or directory, open '/Users/seman/Desktop/zmartV0.69/backend/target/idl/zmart_core.json'
    at Object.readFileSync (node:fs:443:20)
    at Object.<anonymous> (/Users/seman/Desktop/zmartV0.69/backend/src/services/market-monitor/index.ts:24:27)
    at Module._compile (node:internal/modules/cjs/loader:1734:14)
    at Object..js (node:internal/modules/cjs/loader:1899:10)
    at Module.load (node:internal/modules/cjs/loader:1469:32)
    at Function._load (node:internal/modules/cjs/loader:1286:12)
    at /opt/homebrew/lib/node_modules/pm2/lib/ProcessContainer.js:292:27
    at wrapper (/opt/homebrew/lib/node_modules/pm2/node_modules/async/internal/once.js:12:16)
    at next (/opt/homebrew/lib/node_modules/pm2/node_modules/async/waterfall.js:96:20)
    at /opt/homebrew/lib/node_modules/pm2/node_modules/async/internal/onlyOnce.js:12:16
Error: ENOENT: no such file or directory, open '/Users/seman/Desktop/zmartV0.69/backend/target/idl/zmart_core.json'
    at Object.readFileSync (node:fs:443:20)
    at Object.<anonymous> (/Users/seman/Desktop/zmartV0.69/backend/src/services/market-monitor/index.ts:24:27)
    at Module._compile (node:internal/modules/cjs/loader:1734:14)
    at Object..js (node:internal/modules/cjs/loader:1899:10)
    at Module.load (node:internal/modules/cjs/loader:1469:32)
    at Function._load (node:internal/modules/cjs/loader:1286:12)
    at /opt/homebrew/lib/node_modules/pm2/lib/ProcessContainer.js:292:27
    at wrapper (/opt/homebrew/lib/node_modules/pm2/node_modules/async/internal/once.js:12:16)
    at next (/opt/homebrew/lib/node_modules/pm2/node_modules/async/waterfall.js:96:20)
    at /opt/homebrew/lib/node_modules/pm2/node_modules/async/internal/onlyOnce.js:12:16
Error: ENOENT: no such file or directory, open '/Users/seman/Desktop/zmartV0.69/backend/target/idl/zmart_core.json'
    at Object.readFileSync (node:fs:443:20)
    at Object.<anonymous> (/Users/seman/Desktop/zmartV0.69/backend/src/services/market-monitor/index.ts:24:27)
    at Module._compile (node:internal/modules/cjs/loader:1734:14)
    at Object..js (node:internal/modules/cjs/loader:1899:10)
    at Module.load (node:internal/modules/cjs/loader:1469:32)
    at Function._load (node:internal/modules/cjs/loader:1286:12)
    at /opt/homebrew/lib/node_modules/pm2/lib/ProcessContainer.js:292:27
    at wrapper (/opt/homebrew/lib/node_modules/pm2/node_modules/async/internal/once.js:12:16)
    at next (/opt/homebrew/lib/node_modules/pm2/node_modules/async/waterfall.js:96:20)
    at /opt/homebrew/lib/node_modules/pm2/node_modules/async/internal/onlyOnce.js:12:16
Error: ENOENT: no such file or directory, open '/Users/seman/Desktop/zmartV0.69/backend/target/idl/zmart_core.json'
    at Object.readFileSync (node:fs:443:20)
    at Object.<anonymous> (/Users/seman/Desktop/zmartV0.69/backend/src/services/market-monitor/index.ts:24:27)
    at Module._compile (node:internal/modules/cjs/loader:1734:14)
    at Object..js (node:internal/modules/cjs/loader:1899:10)
    at Module.load (node:internal/modules/cjs/loader:1469:32)
    at Function._load (node:internal/modules/cjs/loader:1286:12)
    at /opt/homebrew/lib/node_modules/pm2/lib/ProcessContainer.js:292:27
    at wrapper (/opt/homebrew/lib/node_modules/pm2/node_modules/async/internal/once.js:12:16)
    at next (/opt/homebrew/lib/node_modules/pm2/node_modules/async/waterfall.js:96:20)
    at /opt/homebrew/lib/node_modules/pm2/node_modules/async/internal/onlyOnce.js:12:16
Error: ENOENT: no such file or directory, open '/Users/seman/Desktop/zmartV0.69/backend/target/idl/zmart_core.json'
    at Object.readFileSync (node:fs:443:20)
    at Object.<anonymous> (/Users/seman/Desktop/zmartV0.69/backend/src/services/market-monitor/index.ts:24:27)
    at Module._compile (node:internal/modules/cjs/loader:1734:14)
    at Object..js (node:internal/modules/cjs/loader:1899:10)
    at Module.load (node:internal/modules/cjs/loader:1469:32)
    at Function._load (node:internal/modules/cjs/loader:1286:12)
    at /opt/homebrew/lib/node_modules/pm2/lib/ProcessContainer.js:292:27
    at wrapper (/opt/homebrew/lib/node_modules/pm2/node_modules/async/internal/once.js:12:16)
    at next (/opt/homebrew/lib/node_modules/pm2/node_modules/async/waterfall.js:96:20)
    at /opt/homebrew/lib/node_modules/pm2/node_modules/async/internal/onlyOnce.js:12:16
Error: ENOENT: no such file or directory, open '/Users/seman/Desktop/zmartV0.69/backend/target/idl/zmart_core.json'
    at Object.readFileSync (node:fs:443:20)
    at Object.<anonymous> (/Users/seman/Desktop/zmartV0.69/backend/src/services/market-monitor/index.ts:24:27)
    at Module._compile (node:internal/modules/cjs/loader:1734:14)
    at Object..js (node:internal/modules/cjs/loader:1899:10)
    at Module.load (node:internal/modules/cjs/loader:1469:32)
    at Function._load (node:internal/modules/cjs/loader:1286:12)
    at /opt/homebrew/lib/node_modules/pm2/lib/ProcessContainer.js:292:27
    at wrapper (/opt/homebrew/lib/node_modules/pm2/node_modules/async/internal/once.js:12:16)
    at next (/opt/homebrew/lib/node_modules/pm2/node_modules/async/waterfall.js:96:20)
    at /opt/homebrew/lib/node_modules/pm2/node_modules/async/internal/onlyOnce.js:12:16
Error: ENOENT: no such file or directory, open '/Users/seman/Desktop/zmartV0.69/backend/target/idl/zmart_core.json'
    at Object.readFileSync (node:fs:443:20)
    at Object.<anonymous> (/Users/seman/Desktop/zmartV0.69/backend/src/services/market-monitor/index.ts:24:27)
    at Module._compile (node:internal/modules/cjs/loader:1734:14)
    at Object..js (node:internal/modules/cjs/loader:1899:10)
    at Module.load (node:internal/modules/cjs/loader:1469:32)
    at Function._load (node:internal/modules/cjs/loader:1286:12)
    at /opt/homebrew/lib/node_modules/pm2/lib/ProcessContainer.js:292:27
    at wrapper (/opt/homebrew/lib/node_modules/pm2/node_modules/async/internal/once.js:12:16)
    at next (/opt/homebrew/lib/node_modules/pm2/node_modules/async/waterfall.js:96:20)
    at /opt/homebrew/lib/node_modules/pm2/node_modules/async/internal/onlyOnce.js:12:16
Error: ENOENT: no such file or directory, open '/Users/seman/Desktop/zmartV0.69/backend/target/idl/zmart_core.json'
    at Object.readFileSync (node:fs:443:20)
    at Object.<anonymous> (/Users/seman/Desktop/zmartV0.69/backend/src/services/market-monitor/index.ts:24:27)
    at Module._compile (node:internal/modules/cjs/loader:1734:14)
    at Object..js (node:internal/modules/cjs/loader:1899:10)
    at Module.load (node:internal/modules/cjs/loader:1469:32)
    at Function._load (node:internal/modules/cjs/loader:1286:12)
    at /opt/homebrew/lib/node_modules/pm2/lib/ProcessContainer.js:292:27
    at wrapper (/opt/homebrew/lib/node_modules/pm2/node_modules/async/internal/once.js:12:16)
    at next (/opt/homebrew/lib/node_modules/pm2/node_modules/async/waterfall.js:96:20)
    at /opt/homebrew/lib/node_modules/pm2/node_modules/async/internal/onlyOnce.js:12:16
Error: ENOENT: no such file or directory, open '/Users/seman/Desktop/zmartV0.69/backend/target/idl/zmart_core.json'
    at Object.readFileSync (node:fs:443:20)
    at Object.<anonymous> (/Users/seman/Desktop/zmartV0.69/backend/src/services/market-monitor/index.ts:24:27)
    at Module._compile (node:internal/modules/cjs/loader:1734:14)
    at Object..js (node:internal/modules/cjs/loader:1899:10)
    at Module.load (node:internal/modules/cjs/loader:1469:32)
    at Function._load (node:internal/modules/cjs/loader:1286:12)
    at /opt/homebrew/lib/node_modules/pm2/lib/ProcessContainer.js:292:27
    at wrapper (/opt/homebrew/lib/node_modules/pm2/node_modules/async/internal/once.js:12:16)
    at next (/opt/homebrew/lib/node_modules/pm2/node_modules/async/waterfall.js:96:20)
    at /opt/homebrew/lib/node_modules/pm2/node_modules/async/internal/onlyOnce.js:12:16
Error: ENOENT: no such file or directory, open '/Users/seman/Desktop/zmartV0.69/backend/target/idl/zmart_core.json'
    at Object.readFileSync (node:fs:443:20)
    at Object.<anonymous> (/Users/seman/Desktop/zmartV0.69/backend/src/services/market-monitor/index.ts:24:27)
    at Module._compile (node:internal/modules/cjs/loader:1734:14)
    at Object..js (node:internal/modules/cjs/loader:1899:10)
    at Module.load (node:internal/modules/cjs/loader:1469:32)
    at Function._load (node:internal/modules/cjs/loader:1286:12)
    at /opt/homebrew/lib/node_modules/pm2/lib/ProcessContainer.js:292:27
    at wrapper (/opt/homebrew/lib/node_modules/pm2/node_modules/async/internal/once.js:12:16)
    at next (/opt/homebrew/lib/node_modules/pm2/node_modules/async/waterfall.js:96:20)
    at /opt/homebrew/lib/node_modules/pm2/node_modules/async/internal/onlyOnce.js:12:16
Error: ENOENT: no such file or directory, open '/Users/seman/Desktop/zmartV0.69/backend/target/idl/zmart_core.json'
    at Object.readFileSync (node:fs:443:20)
    at Object.<anonymous> (/Users/seman/Desktop/zmartV0.69/backend/src/services/market-monitor/index.ts:24:27)
    at Module._compile (node:internal/modules/cjs/loader:1734:14)
    at Object..js (node:internal/modules/cjs/loader:1899:10)
    at Module.load (node:internal/modules/cjs/loader:1469:32)
    at Function._load (node:internal/modules/cjs/loader:1286:12)
    at /opt/homebrew/lib/node_modules/pm2/lib/ProcessContainer.js:292:27
    at wrapper (/opt/homebrew/lib/node_modules/pm2/node_modules/async/internal/once.js:12:16)
    at next (/opt/homebrew/lib/node_modules/pm2/node_modules/async/waterfall.js:96:20)
    at /opt/homebrew/lib/node_modules/pm2/node_modules/async/internal/onlyOnce.js:12:16
Error: ENOENT: no such file or directory, open '/Users/seman/Desktop/zmartV0.69/backend/target/idl/zmart_core.json'
    at Object.readFileSync (node:fs:443:20)
    at Object.<anonymous> (/Users/seman/Desktop/zmartV0.69/backend/src/services/market-monitor/index.ts:24:27)
    at Module._compile (node:internal/modules/cjs/loader:1734:14)
    at Object..js (node:internal/modules/cjs/loader:1899:10)
    at Module.load (node:internal/modules/cjs/loader:1469:32)
    at Function._load (node:internal/modules/cjs/loader:1286:12)
    at /opt/homebrew/lib/node_modules/pm2/lib/ProcessContainer.js:292:27
    at wrapper (/opt/homebrew/lib/node_modules/pm2/node_modules/async/internal/once.js:12:16)
    at next (/opt/homebrew/lib/node_modules/pm2/node_modules/async/waterfall.js:96:20)
    at /opt/homebrew/lib/node_modules/pm2/node_modules/async/internal/onlyOnce.js:12:16
Error: ENOENT: no such file or directory, open '/Users/seman/Desktop/zmartV0.69/backend/target/idl/zmart_core.json'
    at Object.readFileSync (node:fs:443:20)
    at Object.<anonymous> (/Users/seman/Desktop/zmartV0.69/backend/src/services/market-monitor/index.ts:24:27)
    at Module._compile (node:internal/modules/cjs/loader:1734:14)
    at Object..js (node:internal/modules/cjs/loader:1899:10)
    at Module.load (node:internal/modules/cjs/loader:1469:32)
    at Function._load (node:internal/modules/cjs/loader:1286:12)
    at /opt/homebrew/lib/node_modules/pm2/lib/ProcessContainer.js:292:27
    at wrapper (/opt/homebrew/lib/node_modules/pm2/node_modules/async/internal/once.js:12:16)
    at next (/opt/homebrew/lib/node_modules/pm2/node_modules/async/waterfall.js:96:20)
    at /opt/homebrew/lib/node_modules/pm2/node_modules/async/internal/onlyOnce.js:12:16
Error: ENOENT: no such file or directory, open '/Users/seman/Desktop/zmartV0.69/backend/target/idl/zmart_core.json'
    at Object.readFileSync (node:fs:443:20)
    at Object.<anonymous> (/Users/seman/Desktop/zmartV0.69/backend/src/services/market-monitor/index.ts:24:27)
    at Module._compile (node:internal/modules/cjs/loader:1734:14)
    at Object..js (node:internal/modules/cjs/loader:1899:10)
    at Module.load (node:internal/modules/cjs/loader:1469:32)
    at Function._load (node:internal/modules/cjs/loader:1286:12)
    at /opt/homebrew/lib/node_modules/pm2/lib/ProcessContainer.js:292:27
    at wrapper (/opt/homebrew/lib/node_modules/pm2/node_modules/async/internal/once.js:12:16)
    at next (/opt/homebrew/lib/node_modules/pm2/node_modules/async/waterfall.js:96:20)
    at /opt/homebrew/lib/node_modules/pm2/node_modules/async/internal/onlyOnce.js:12:16
Error: ENOENT: no such file or directory, open '/Users/seman/Desktop/zmartV0.69/backend/target/idl/zmart_core.json'
    at Object.readFileSync (node:fs:443:20)
    at Object.<anonymous> (/Users/seman/Desktop/zmartV0.69/backend/src/services/market-monitor/index.ts:24:27)
    at Module._compile (node:internal/modules/cjs/loader:1734:14)
    at Object..js (node:internal/modules/cjs/loader:1899:10)
    at Module.load (node:internal/modules/cjs/loader:1469:32)
    at Function._load (node:internal/modules/cjs/loader:1286:12)
    at /opt/homebrew/lib/node_modules/pm2/lib/ProcessContainer.js:292:27
    at wrapper (/opt/homebrew/lib/node_modules/pm2/node_modules/async/internal/once.js:12:16)
    at next (/opt/homebrew/lib/node_modules/pm2/node_modules/async/waterfall.js:96:20)
    at /opt/homebrew/lib/node_modules/pm2/node_modules/async/internal/onlyOnce.js:12:16
Error: ENOENT: no such file or directory, open '/Users/seman/Desktop/zmartV0.69/backend/target/idl/zmart_core.json'
    at Object.readFileSync (node:fs:443:20)
    at Object.<anonymous> (/Users/seman/Desktop/zmartV0.69/backend/src/services/market-monitor/index.ts:24:27)
    at Module._compile (node:internal/modules/cjs/loader:1734:14)
    at Object..js (node:internal/modules/cjs/loader:1899:10)
    at Module.load (node:internal/modules/cjs/loader:1469:32)
    at Function._load (node:internal/modules/cjs/loader:1286:12)
    at /opt/homebrew/lib/node_modules/pm2/lib/ProcessContainer.js:292:27
    at wrapper (/opt/homebrew/lib/node_modules/pm2/node_modules/async/internal/once.js:12:16)
    at next (/opt/homebrew/lib/node_modules/pm2/node_modules/async/waterfall.js:96:20)
    at /opt/homebrew/lib/node_modules/pm2/node_modules/async/internal/onlyOnce.js:12:16
Error: ENOENT: no such file or directory, open '/Users/seman/Desktop/zmartV0.69/backend/target/idl/zmart_core.json'
    at Object.readFileSync (node:fs:443:20)
    at Object.<anonymous> (/Users/seman/Desktop/zmartV0.69/backend/src/services/market-monitor/index.ts:24:27)
    at Module._compile (node:internal/modules/cjs/loader:1734:14)
    at Object..js (node:internal/modules/cjs/loader:1899:10)
    at Module.load (node:internal/modules/cjs/loader:1469:32)
    at Function._load (node:internal/modules/cjs/loader:1286:12)
    at /opt/homebrew/lib/node_modules/pm2/lib/ProcessContainer.js:292:27
    at wrapper (/opt/homebrew/lib/node_modules/pm2/node_modules/async/internal/once.js:12:16)
    at next (/opt/homebrew/lib/node_modules/pm2/node_modules/async/waterfall.js:96:20)
    at /opt/homebrew/lib/node_modules/pm2/node_modules/async/internal/onlyOnce.js:12:16
Error: ENOENT: no such file or directory, open '/Users/seman/Desktop/zmartV0.69/backend/target/idl/zmart_core.json'
    at Object.readFileSync (node:fs:443:20)
    at Object.<anonymous> (/Users/seman/Desktop/zmartV0.69/backend/src/services/market-monitor/index.ts:24:27)
    at Module._compile (node:internal/modules/cjs/loader:1734:14)
    at Object..js (node:internal/modules/cjs/loader:1899:10)
    at Module.load (node:internal/modules/cjs/loader:1469:32)
    at Function._load (node:internal/modules/cjs/loader:1286:12)
    at /opt/homebrew/lib/node_modules/pm2/lib/ProcessContainer.js:292:27
    at wrapper (/opt/homebrew/lib/node_modules/pm2/node_modules/async/internal/once.js:12:16)
    at next (/opt/homebrew/lib/node_modules/pm2/node_modules/async/waterfall.js:96:20)
    at /opt/homebrew/lib/node_modules/pm2/node_modules/async/internal/onlyOnce.js:12:16
Error: ENOENT: no such file or directory, open '/Users/seman/Desktop/zmartV0.69/backend/target/idl/zmart_core.json'
    at Object.readFileSync (node:fs:443:20)
    at Object.<anonymous> (/Users/seman/Desktop/zmartV0.69/backend/src/services/market-monitor/index.ts:24:27)
    at Module._compile (node:internal/modules/cjs/loader:1734:14)
    at Object..js (node:internal/modules/cjs/loader:1899:10)
    at Module.load (node:internal/modules/cjs/loader:1469:32)
    at Function._load (node:internal/modules/cjs/loader:1286:12)
    at /opt/homebrew/lib/node_modules/pm2/lib/ProcessContainer.js:292:27
    at wrapper (/opt/homebrew/lib/node_modules/pm2/node_modules/async/internal/once.js:12:16)
    at next (/opt/homebrew/lib/node_modules/pm2/node_modules/async/waterfall.js:96:20)
    at /opt/homebrew/lib/node_modules/pm2/node_modules/async/internal/onlyOnce.js:12:16
Error: ENOENT: no such file or directory, open '/Users/seman/Desktop/zmartV0.69/backend/target/idl/zmart_core.json'
    at Object.readFileSync (node:fs:443:20)
    at Object.<anonymous> (/Users/seman/Desktop/zmartV0.69/backend/src/services/market-monitor/index.ts:24:27)
    at Module._compile (node:internal/modules/cjs/loader:1734:14)
    at Object..js (node:internal/modules/cjs/loader:1899:10)
    at Module.load (node:internal/modules/cjs/loader:1469:32)
    at Function._load (node:internal/modules/cjs/loader:1286:12)
    at /opt/homebrew/lib/node_modules/pm2/lib/ProcessContainer.js:292:27
    at wrapper (/opt/homebrew/lib/node_modules/pm2/node_modules/async/internal/once.js:12:16)
    at next (/opt/homebrew/lib/node_modules/pm2/node_modules/async/waterfall.js:96:20)
    at /opt/homebrew/lib/node_modules/pm2/node_modules/async/internal/onlyOnce.js:12:16
Error: ENOENT: no such file or directory, open '/Users/seman/Desktop/zmartV0.69/backend/target/idl/zmart_core.json'
    at Object.readFileSync (node:fs:443:20)
    at Object.<anonymous> (/Users/seman/Desktop/zmartV0.69/backend/src/services/market-monitor/index.ts:24:27)
    at Module._compile (node:internal/modules/cjs/loader:1734:14)
    at Object..js (node:internal/modules/cjs/loader:1899:10)
    at Module.load (node:internal/modules/cjs/loader:1469:32)
    at Function._load (node:internal/modules/cjs/loader:1286:12)
    at /opt/homebrew/lib/node_modules/pm2/lib/ProcessContainer.js:292:27
    at wrapper (/opt/homebrew/lib/node_modules/pm2/node_modules/async/internal/once.js:12:16)
    at next (/opt/homebrew/lib/node_modules/pm2/node_modules/async/waterfall.js:96:20)
    at /opt/homebrew/lib/node_modules/pm2/node_modules/async/internal/onlyOnce.js:12:16
Error: ENOENT: no such file or directory, open '/Users/seman/Desktop/zmartV0.69/backend/target/idl/zmart_core.json'
    at Object.readFileSync (node:fs:443:20)
    at Object.<anonymous> (/Users/seman/Desktop/zmartV0.69/backend/src/services/market-monitor/index.ts:24:27)
    at Module._compile (node:internal/modules/cjs/loader:1734:14)
    at Object..js (node:internal/modules/cjs/loader:1899:10)
    at Module.load (node:internal/modules/cjs/loader:1469:32)
    at Function._load (node:internal/modules/cjs/loader:1286:12)
    at /opt/homebrew/lib/node_modules/pm2/lib/ProcessContainer.js:292:27
    at wrapper (/opt/homebrew/lib/node_modules/pm2/node_modules/async/internal/once.js:12:16)
    at next (/opt/homebrew/lib/node_modules/pm2/node_modules/async/waterfall.js:96:20)
    at /opt/homebrew/lib/node_modules/pm2/node_modules/async/internal/onlyOnce.js:12:16
Error: ENOENT: no such file or directory, open '/Users/seman/Desktop/zmartV0.69/backend/target/idl/zmart_core.json'
    at Object.readFileSync (node:fs:443:20)
    at Object.<anonymous> (/Users/seman/Desktop/zmartV0.69/backend/src/services/market-monitor/index.ts:24:27)
    at Module._compile (node:internal/modules/cjs/loader:1734:14)
    at Object..js (node:internal/modules/cjs/loader:1899:10)
    at Module.load (node:internal/modules/cjs/loader:1469:32)
    at Function._load (node:internal/modules/cjs/loader:1286:12)
    at /opt/homebrew/lib/node_modules/pm2/lib/ProcessContainer.js:292:27
    at wrapper (/opt/homebrew/lib/node_modules/pm2/node_modules/async/internal/once.js:12:16)
    at next (/opt/homebrew/lib/node_modules/pm2/node_modules/async/waterfall.js:96:20)
    at /opt/homebrew/lib/node_modules/pm2/node_modules/async/internal/onlyOnce.js:12:16
Error: ENOENT: no such file or directory, open '/Users/seman/Desktop/zmartV0.69/backend/target/idl/zmart_core.json'
    at Object.readFileSync (node:fs:443:20)
    at Object.<anonymous> (/Users/seman/Desktop/zmartV0.69/backend/src/services/market-monitor/index.ts:24:27)
    at Module._compile (node:internal/modules/cjs/loader:1734:14)
    at Object..js (node:internal/modules/cjs/loader:1899:10)
    at Module.load (node:internal/modules/cjs/loader:1469:32)
    at Function._load (node:internal/modules/cjs/loader:1286:12)
    at /opt/homebrew/lib/node_modules/pm2/lib/ProcessContainer.js:292:27
    at wrapper (/opt/homebrew/lib/node_modules/pm2/node_modules/async/internal/once.js:12:16)
    at next (/opt/homebrew/lib/node_modules/pm2/node_modules/async/waterfall.js:96:20)
    at /opt/homebrew/lib/node_modules/pm2/node_modules/async/internal/onlyOnce.js:12:16
Error: ENOENT: no such file or directory, open '/Users/seman/Desktop/zmartV0.69/backend/target/idl/zmart_core.json'
    at Object.readFileSync (node:fs:443:20)
    at Object.<anonymous> (/Users/seman/Desktop/zmartV0.69/backend/src/services/market-monitor/index.ts:24:27)
    at Module._compile (node:internal/modules/cjs/loader:1734:14)
    at Object..js (node:internal/modules/cjs/loader:1899:10)
    at Module.load (node:internal/modules/cjs/loader:1469:32)
    at Function._load (node:internal/modules/cjs/loader:1286:12)
    at /opt/homebrew/lib/node_modules/pm2/lib/ProcessContainer.js:292:27
    at wrapper (/opt/homebrew/lib/node_modules/pm2/node_modules/async/internal/once.js:12:16)
    at next (/opt/homebrew/lib/node_modules/pm2/node_modules/async/waterfall.js:96:20)
    at /opt/homebrew/lib/node_modules/pm2/node_modules/async/internal/onlyOnce.js:12:16
Error: ENOENT: no such file or directory, open '/Users/seman/Desktop/zmartV0.69/backend/target/idl/zmart_core.json'
    at Object.readFileSync (node:fs:443:20)
    at Object.<anonymous> (/Users/seman/Desktop/zmartV0.69/backend/src/services/market-monitor/index.ts:24:27)
    at Module._compile (node:internal/modules/cjs/loader:1734:14)
    at Object..js (node:internal/modules/cjs/loader:1899:10)
    at Module.load (node:internal/modules/cjs/loader:1469:32)
    at Function._load (node:internal/modules/cjs/loader:1286:12)
    at /opt/homebrew/lib/node_modules/pm2/lib/ProcessContainer.js:292:27
    at wrapper (/opt/homebrew/lib/node_modules/pm2/node_modules/async/internal/once.js:12:16)
    at next (/opt/homebrew/lib/node_modules/pm2/node_modules/async/waterfall.js:96:20)
    at /opt/homebrew/lib/node_modules/pm2/node_modules/async/internal/onlyOnce.js:12:16
Error: ENOENT: no such file or directory, open '/Users/seman/Desktop/zmartV0.69/backend/target/idl/zmart_core.json'
    at Object.readFileSync (node:fs:443:20)
    at Object.<anonymous> (/Users/seman/Desktop/zmartV0.69/backend/src/services/market-monitor/index.ts:24:27)
    at Module._compile (node:internal/modules/cjs/loader:1734:14)
    at Object..js (node:internal/modules/cjs/loader:1899:10)
    at Module.load (node:internal/modules/cjs/loader:1469:32)
    at Function._load (node:internal/modules/cjs/loader:1286:12)
    at /opt/homebrew/lib/node_modules/pm2/lib/ProcessContainer.js:292:27
    at wrapper (/opt/homebrew/lib/node_modules/pm2/node_modules/async/internal/once.js:12:16)
    at next (/opt/homebrew/lib/node_modules/pm2/node_modules/async/waterfall.js:96:20)
    at /opt/homebrew/lib/node_modules/pm2/node_modules/async/internal/onlyOnce.js:12:16
2025-11-07T18:20:00: [18:20:00] [32minfo[39m: [MarketMonitor] Received SIGINT, shutting down... {
  "service": "zmart-backend"
}
2025-11-07T18:25:00: [18:25:00] [32minfo[39m: [MarketMonitor] Received SIGINT, shutting down... {
  "service": "zmart-backend"
}
2025-11-07T18:30:00: [18:30:00] [32minfo[39m: [MarketMonitor] Received SIGINT, shutting down... {
  "service": "zmart-backend"
}
2025-11-07T18:35:00: [18:35:00] [32minfo[39m: [MarketMonitor] Received SIGINT, shutting down... {
  "service": "zmart-backend"
}
2025-11-07T19:00:00: [19:00:00] [32minfo[39m: [MarketMonitor] Received SIGINT, shutting down... {
  "service": "zmart-backend"
}
2025-11-07T19:05:00: [19:05:00] [32minfo[39m: [MarketMonitor] Received SIGINT, shutting down... {
  "service": "zmart-backend"
}
2025-11-07T19:10:00: [19:10:00] [32minfo[39m: [MarketMonitor] Received SIGINT, shutting down... {
  "service": "zmart-backend"
}
2025-11-07T19:15:00: [19:15:00] [32minfo[39m: [MarketMonitor] Received SIGINT, shutting down... {
  "service": "zmart-backend"
}
2025-11-07T19:20:00: [19:20:00] [32minfo[39m: [MarketMonitor] Received SIGINT, shutting down... {
  "service": "zmart-backend"
}
2025-11-07T19:25:00: [19:25:00] [32minfo[39m: [MarketMonitor] Received SIGINT, shutting down... {
  "service": "zmart-backend"
}
2025-11-07T19:30:00: [19:30:00] [32minfo[39m: [MarketMonitor] Received SIGINT, shutting down... {
  "service": "zmart-backend"
}
2025-11-07T19:35:00: [19:35:00] [32minfo[39m: [MarketMonitor] Received SIGINT, shutting down... {
  "service": "zmart-backend"
}
2025-11-07T19:40:00: [19:40:00] [32minfo[39m: [MarketMonitor] Received SIGINT, shutting down... {
  "service": "zmart-backend"
}
2025-11-07T19:45:00: [19:45:00] [32minfo[39m: [MarketMonitor] Received SIGINT, shutting down... {
  "service": "zmart-backend"
}
2025-11-07T19:50:00: [19:50:00] [32minfo[39m: [MarketMonitor] Received SIGINT, shutting down... {
  "service": "zmart-backend"
}
2025-11-07T19:55:00: [19:55:00] [32minfo[39m: [MarketMonitor] Received SIGINT, shutting down... {
  "service": "zmart-backend"
}
2025-11-07T20:11:39: [20:11:39] [32minfo[39m: [MarketMonitor] Received SIGINT, shutting down... {
  "service": "zmart-backend"
}
2025-11-07T20:15:00: [20:15:00] [32minfo[39m: [MarketMonitor] Received SIGINT, shutting down... {
  "service": "zmart-backend"
}
2025-11-07T20:20:00: [20:20:00] [32minfo[39m: [MarketMonitor] Received SIGINT, shutting down... {
  "service": "zmart-backend"
}
2025-11-07T20:25:00: [20:25:00] [32minfo[39m: [MarketMonitor] Received SIGINT, shutting down... {
  "service": "zmart-backend"
}
2025-11-07T20:30:00: [20:30:00] [32minfo[39m: [MarketMonitor] Received SIGINT, shutting down... {
  "service": "zmart-backend"
}
2025-11-07T20:35:00: [20:35:00] [32minfo[39m: [MarketMonitor] Received SIGINT, shutting down... {
  "service": "zmart-backend"
}
2025-11-07T20:40:00: [20:40:00] [32minfo[39m: [MarketMonitor] Received SIGINT, shutting down... {
  "service": "zmart-backend"
}
2025-11-07T20:44:59: [20:44:59] [32minfo[39m: [MarketMonitor] Received SIGINT, shutting down... {
  "service": "zmart-backend"
}
2025-11-07T20:50:00: [20:50:00] [32minfo[39m: [MarketMonitor] Received SIGINT, shutting down... {
  "service": "zmart-backend"
}
2025-11-07T20:55:00: [20:55:00] [32minfo[39m: [MarketMonitor] Received SIGINT, shutting down... {
  "service": "zmart-backend"
}
2025-11-07T21:00:00: [21:00:00] [32minfo[39m: [MarketMonitor] Received SIGINT, shutting down... {
  "service": "zmart-backend"
}
2025-11-07T21:05:00: [21:05:00] [32minfo[39m: [MarketMonitor] Received SIGINT, shutting down... {
  "service": "zmart-backend"
}
2025-11-07T21:10:00: [21:10:00] [32minfo[39m: [MarketMonitor] Received SIGINT, shutting down... {
  "service": "zmart-backend"
}
2025-11-07T21:15:00: [21:15:00] [32minfo[39m: [MarketMonitor] Received SIGINT, shutting down... {
  "service": "zmart-backend"
}
2025-11-07T21:20:00: [21:20:00] [32minfo[39m: [MarketMonitor] Received SIGINT, shutting down... {
  "service": "zmart-backend"
}
2025-11-07T21:25:00: [21:25:00] [32minfo[39m: [MarketMonitor] Received SIGINT, shutting down... {
  "service": "zmart-backend"
}
2025-11-07T21:30:00: [21:30:00] [32minfo[39m: [MarketMonitor] Received SIGINT, shutting down... {
  "service": "zmart-backend"
}
2025-11-07T21:35:00: [21:35:00] [32minfo[39m: [MarketMonitor] Received SIGINT, shutting down... {
  "service": "zmart-backend"
}
2025-11-07T21:40:00: [21:40:00] [32minfo[39m: [MarketMonitor] Received SIGINT, shutting down... {
  "service": "zmart-backend"
}
2025-11-07T21:45:00: [21:45:00] [32minfo[39m: [MarketMonitor] Received SIGINT, shutting down... {
  "service": "zmart-backend"
}
2025-11-07T21:50:00: [21:50:00] [32minfo[39m: [MarketMonitor] Received SIGINT, shutting down... {
  "service": "zmart-backend"
}
2025-11-07T21:55:00: [21:55:00] [32minfo[39m: [MarketMonitor] Received SIGINT, shutting down... {
  "service": "zmart-backend"
}
2025-11-07T22:00:00: [22:00:00] [32minfo[39m: [MarketMonitor] Received SIGINT, shutting down... {
  "service": "zmart-backend"
}
2025-11-07T22:05:00: [22:05:00] [32minfo[39m: [MarketMonitor] Received SIGINT, shutting down... {
  "service": "zmart-backend"
}
2025-11-07T22:10:00: [22:10:00] [32minfo[39m: [MarketMonitor] Received SIGINT, shutting down... {
  "service": "zmart-backend"
}
2025-11-07T22:15:00: [22:15:00] [32minfo[39m: [MarketMonitor] Received SIGINT, shutting down... {
  "service": "zmart-backend"
}
2025-11-07T22:20:00: [22:20:00] [32minfo[39m: [MarketMonitor] Received SIGINT, shutting down... {
  "service": "zmart-backend"
}
2025-11-07T22:25:00: [22:25:00] [32minfo[39m: [MarketMonitor] Received SIGINT, shutting down... {
  "service": "zmart-backend"
}
2025-11-07T22:30:00: [22:30:00] [32minfo[39m: [MarketMonitor] Received SIGINT, shutting down... {
  "service": "zmart-backend"
}
2025-11-07T22:35:00: [22:35:00] [32minfo[39m: [MarketMonitor] Received SIGINT, shutting down... {
  "service": "zmart-backend"
}
2025-11-07T22:40:00: [22:40:00] [32minfo[39m: [MarketMonitor] Received SIGINT, shutting down... {
  "service": "zmart-backend"
}
2025-11-07T22:45:00: [22:45:00] [32minfo[39m: [MarketMonitor] Received SIGINT, shutting down... {
  "service": "zmart-backend"
}
2025-11-07T22:50:00: [22:50:00] [32minfo[39m: [MarketMonitor] Received SIGINT, shutting down... {
  "service": "zmart-backend"
}
2025-11-07T22:55:00: [22:55:00] [32minfo[39m: [MarketMonitor] Received SIGINT, shutting down... {
  "service": "zmart-backend"
}
2025-11-07T22:59:59: [22:59:59] [32minfo[39m: [MarketMonitor] Received SIGINT, shutting down... {
  "service": "zmart-backend"
}
2025-11-07T23:05:00: [23:05:00] [32minfo[39m: [MarketMonitor] Received SIGINT, shutting down... {
  "service": "zmart-backend"
}
2025-11-07T23:10:00: [23:10:00] [32minfo[39m: [MarketMonitor] Received SIGINT, shutting down... {
  "service": "zmart-backend"
}
2025-11-07T23:15:00: [23:15:00] [32minfo[39m: [MarketMonitor] Received SIGINT, shutting down... {
  "service": "zmart-backend"
}
2025-11-07T23:20:00: [23:20:00] [32minfo[39m: [MarketMonitor] Received SIGINT, shutting down... {
  "service": "zmart-backend"
}
2025-11-07T23:25:00: [23:25:00] [32minfo[39m: [MarketMonitor] Received SIGINT, shutting down... {
  "service": "zmart-backend"
}
2025-11-07T23:30:00: [23:30:00] [32minfo[39m: [MarketMonitor] Received SIGINT, shutting down... {
  "service": "zmart-backend"
}
2025-11-07T23:35:00: [23:35:00] [32minfo[39m: [MarketMonitor] Received SIGINT, shutting down... {
  "service": "zmart-backend"
}
2025-11-07T23:40:00: [23:40:00] [32minfo[39m: [MarketMonitor] Received SIGINT, shutting down... {
  "service": "zmart-backend"
}
2025-11-07T23:45:00: [23:45:00] [32minfo[39m: [MarketMonitor] Received SIGINT, shutting down... {
  "service": "zmart-backend"
}
2025-11-07T23:50:00: [23:50:00] [32minfo[39m: [MarketMonitor] Received SIGINT, shutting down... {
  "service": "zmart-backend"
}
2025-11-07T23:55:00: [23:55:00] [32minfo[39m: [MarketMonitor] Received SIGINT, shutting down... {
  "service": "zmart-backend"
}
2025-11-08T00:00:00: [00:00:00] [32minfo[39m: [MarketMonitor] Received SIGINT, shutting down... {
  "service": "zmart-backend"
}
2025-11-08T00:05:00: [00:05:00] [32minfo[39m: [MarketMonitor] Received SIGINT, shutting down... {
  "service": "zmart-backend"
}
2025-11-08T00:10:00: [00:10:00] [32minfo[39m: [MarketMonitor] Received SIGINT, shutting down... {
  "service": "zmart-backend"
}
2025-11-08T00:15:00: [00:15:00] [32minfo[39m: [MarketMonitor] Received SIGINT, shutting down... {
  "service": "zmart-backend"
}
2025-11-08T00:20:00: [00:20:00] [32minfo[39m: [MarketMonitor] Received SIGINT, shutting down... {
  "service": "zmart-backend"
}
2025-11-08T00:25:00: [00:25:00] [32minfo[39m: [MarketMonitor] Received SIGINT, shutting down... {
  "service": "zmart-backend"
}
2025-11-08T00:30:00: [00:30:00] [32minfo[39m: [MarketMonitor] Received SIGINT, shutting down... {
  "service": "zmart-backend"
}
2025-11-08T00:35:00: [00:35:00] [32minfo[39m: [MarketMonitor] Received SIGINT, shutting down... {
  "service": "zmart-backend"
}
2025-11-08T00:40:00: [00:40:00] [32minfo[39m: [MarketMonitor] Received SIGINT, shutting down... {
  "service": "zmart-backend"
}
2025-11-08T00:45:00: [00:45:00] [32minfo[39m: [MarketMonitor] Received SIGINT, shutting down... {
  "service": "zmart-backend"
}
2025-11-08T00:50:00: [00:50:00] [32minfo[39m: [MarketMonitor] Received SIGINT, shutting down... {
  "service": "zmart-backend"
}
2025-11-08T00:55:00: [00:55:00] [32minfo[39m: [MarketMonitor] Received SIGINT, shutting down... {
  "service": "zmart-backend"
}
2025-11-08T01:00:00: [01:00:00] [32minfo[39m: [MarketMonitor] Received SIGINT, shutting down... {
  "service": "zmart-backend"
}
2025-11-08T01:05:00: [01:05:00] [32minfo[39m: [MarketMonitor] Received SIGINT, shutting down... {
  "service": "zmart-backend"
}
2025-11-08T01:10:00: [01:10:00] [32minfo[39m: [MarketMonitor] Received SIGINT, shutting down... {
  "service": "zmart-backend"
}
2025-11-08T01:15:00: [01:15:00] [32minfo[39m: [MarketMonitor] Received SIGINT, shutting down... {
  "service": "zmart-backend"
}
2025-11-08T01:20:00: [01:20:00] [32minfo[39m: [MarketMonitor] Received SIGINT, shutting down... {
  "service": "zmart-backend"
}
2025-11-08T01:25:00: [01:25:00] [32minfo[39m: [MarketMonitor] Received SIGINT, shutting down... {
  "service": "zmart-backend"
}
2025-11-08T01:30:00: [01:30:00] [32minfo[39m: [MarketMonitor] Received SIGINT, shutting down... {
  "service": "zmart-backend"
}
